=== RUN   Test1
20:35:44.041563 [0] listening at [::]:55073
20:35:44.042604 [1] listening at [::]:55074
20:35:44.043772 [2] listening at [::]:55075
20:35:44.044277 [3] listening at [::]:55076
20:35:44.044821 [4] listening at [::]:55077
20:35:44.061728 AT NODE 1: Election timer started: 3.64s, with term=0
20:35:44.061728 AT NODE 0: Election timer started: 4.419s, with term=0
20:35:44.061792 AT NODE 3: Election timer started: 4.062s, with term=0
20:35:44.061728 AT NODE 2: Election timer started: 4.806s, with term=0
20:35:44.061792 AT NODE 4: Election timer started: 5.659s, with term=0
20:35:47.873633 AT NODE 1: became Candidate with term=1;
20:35:47.874636 AT NODE 1: Election timer started: 5.323s, with term=1
20:35:47.874735 AT NODE 1: sending RequestVote to 0: {Term:1 CandidateId:1 LastLogIndex:-1 LastLogTerm:-1 Latency:226}
20:35:47.874735 AT NODE 1: sending RequestVote to 2: {Term:1 CandidateId:1 LastLogIndex:-1 LastLogTerm:-1 Latency:110}
20:35:47.874735 AT NODE 1: sending RequestVote to 3: {Term:1 CandidateId:1 LastLogIndex:-1 LastLogTerm:-1 Latency:85}
20:35:47.874735 AT NODE 1: sending RequestVote to 4: {Term:1 CandidateId:1 LastLogIndex:-1 LastLogTerm:-1 Latency:180}
20:35:47.996903 AT NODE 3: Received Vote Request from NODE 1; Args: {Term:1 CandidateId:1 LastLogIndex:-1 LastLogTerm:-1 Latency:85} [currentTerm=0, votedFor=-1, log index/term=(-1, -1)]
20:35:47.996903 AT NODE 3: became Follower with term=1; log=[]
20:35:47.996903 AT NODE 3: Sending Request Vote Reply: &{Term:1 VoteGranted:true}
20:35:47.996903 AT NODE 3: Election timer started: 3.604s, with term=1
20:35:47.996903 AT NODE 1: received RequestVoteReply from 3: {Term:1 VoteGranted:true}
20:35:48.012457 AT NODE 2: Received Vote Request from NODE 1; Args: {Term:1 CandidateId:1 LastLogIndex:-1 LastLogTerm:-1 Latency:110} [currentTerm=0, votedFor=-1, log index/term=(-1, -1)]
20:35:48.012457 AT NODE 2: became Follower with term=1; log=[]
20:35:48.012457 AT NODE 2: Sending Request Vote Reply: &{Term:1 VoteGranted:true}
20:35:48.012457 AT NODE 2: Election timer started: 3.403s, with term=1
20:35:48.012457 AT NODE 1: received RequestVoteReply from 2: {Term:1 VoteGranted:true}
20:35:48.012457 AT NODE 1: Candidate 1 has won the election by majority
20:35:48.012457 AT NODE 1: became Leader; term=1, nextIndex=map[0:0 2:0 3:0 4:0], matchIndex=map[0:-1 2:-1 3:-1 4:-1]; log=[]
20:35:48.091782 AT NODE 4: Received Vote Request from NODE 1; Args: {Term:1 CandidateId:1 LastLogIndex:-1 LastLogTerm:-1 Latency:180} [currentTerm=0, votedFor=-1, log index/term=(-1, -1)]
20:35:48.091782 AT NODE 4: became Follower with term=1; log=[]
20:35:48.091782 AT NODE 4: Sending Request Vote Reply: &{Term:1 VoteGranted:true}
20:35:48.091782 AT NODE 4: Election timer started: 4.173s, with term=1
20:35:48.091782 AT NODE 1: received RequestVoteReply from 4: {Term:1 VoteGranted:true}
20:35:48.091782 AT NODE 1: State changed from Candidate to Leader
20:35:48.123924 AT NODE 0: Received Vote Request from NODE 1; Args: {Term:1 CandidateId:1 LastLogIndex:-1 LastLogTerm:-1 Latency:226} [currentTerm=0, votedFor=-1, log index/term=(-1, -1)]
20:35:48.123924 AT NODE 0: became Follower with term=1; log=[]
20:35:48.123924 AT NODE 0: Sending Request Vote Reply: &{Term:1 VoteGranted:true}
20:35:48.123924 AT NODE 0: Election timer started: 4.808s, with term=1
20:35:48.123924 AT NODE 1: received RequestVoteReply from 0: {Term:1 VoteGranted:true}
20:35:48.123924 AT NODE 1: State changed from Candidate to Leader
20:35:48.582913 [ACTION] Disconnecting 1
20:35:52.021092 AT NODE 2: became Candidate with term=2;
20:35:52.021092 AT NODE 2: Election timer started: 5.938s, with term=2
20:35:52.021092 AT NODE 2: sending RequestVote to 3: {Term:2 CandidateId:2 LastLogIndex:-1 LastLogTerm:-1 Latency:328}
20:35:52.021092 AT NODE 2: sending RequestVote to 0: {Term:2 CandidateId:2 LastLogIndex:-1 LastLogTerm:-1 Latency:95}
20:35:52.021092 AT NODE 2: sending RequestVote to 1: {Term:2 CandidateId:2 LastLogIndex:-1 LastLogTerm:-1 Latency:382}
20:35:52.021092 AT NODE 2: sending RequestVote to 4: {Term:2 CandidateId:2 LastLogIndex:-1 LastLogTerm:-1 Latency:50}
20:35:52.100122 AT NODE 4: Received Vote Request from NODE 2; Args: {Term:2 CandidateId:2 LastLogIndex:-1 LastLogTerm:-1 Latency:50} [currentTerm=1, votedFor=1, log index/term=(-1, -1)]
20:35:52.100122 AT NODE 4: became Follower with term=2; log=[]
20:35:52.100122 AT NODE 4: Sending Request Vote Reply: &{Term:2 VoteGranted:true}
20:35:52.100122 AT NODE 4: Election timer started: 5.017s, with term=2
20:35:52.100122 AT NODE 2: received RequestVoteReply from 4: {Term:2 VoteGranted:true}
20:35:52.147617 AT NODE 0: Received Vote Request from NODE 2; Args: {Term:2 CandidateId:2 LastLogIndex:-1 LastLogTerm:-1 Latency:95} [currentTerm=1, votedFor=1, log index/term=(-1, -1)]
20:35:52.147617 AT NODE 0: became Follower with term=2; log=[]
20:35:52.147617 AT NODE 0: Sending Request Vote Reply: &{Term:2 VoteGranted:true}
20:35:52.147617 AT NODE 0: Election timer started: 4.31s, with term=2
20:35:52.147617 AT NODE 2: received RequestVoteReply from 0: {Term:2 VoteGranted:true}
20:35:52.147617 AT NODE 2: Candidate 2 has won the election by majority
20:35:52.147617 AT NODE 2: became Leader; term=2, nextIndex=map[0:0 1:0 3:0 4:0], matchIndex=map[0:-1 1:-1 3:-1 4:-1]; log=[]
20:35:52.210664 AT NODE 3: became Candidate with term=2;
20:35:52.210664 AT NODE 3: Election timer started: 5.871s, with term=2
20:35:52.210664 AT NODE 3: sending RequestVote to 2: {Term:2 CandidateId:3 LastLogIndex:-1 LastLogTerm:-1 Latency:231}
20:35:52.210664 AT NODE 3: sending RequestVote to 0: {Term:2 CandidateId:3 LastLogIndex:-1 LastLogTerm:-1 Latency:373}
20:35:52.210664 AT NODE 3: sending RequestVote to 4: {Term:2 CandidateId:3 LastLogIndex:-1 LastLogTerm:-1 Latency:202}
20:35:52.210664 AT NODE 3: sending RequestVote to 1: {Term:2 CandidateId:3 LastLogIndex:-1 LastLogTerm:-1 Latency:229}
20:35:52.368676 [ACTION] Disconnecting 2
20:35:52.384679 AT NODE 3: Received Vote Request from NODE 2; Args: {Term:2 CandidateId:2 LastLogIndex:-1 LastLogTerm:-1 Latency:328} [currentTerm=2, votedFor=3, log index/term=(-1, -1)]
20:35:52.384679 AT NODE 3: Sending Request Vote Reply: &{Term:2 VoteGranted:false}
20:35:52.447924 AT NODE 4: Received Vote Request from NODE 3; Args: {Term:2 CandidateId:3 LastLogIndex:-1 LastLogTerm:-1 Latency:202} [currentTerm=2, votedFor=2, log index/term=(-1, -1)]
20:35:52.447924 AT NODE 4: Sending Request Vote Reply: &{Term:2 VoteGranted:false}
20:35:52.449195 AT NODE 3: received RequestVoteReply from 4: {Term:2 VoteGranted:false}
20:35:52.605817 AT NODE 3: became Follower with term=2; log=[]
20:35:52.605817 AT NODE 0: Received Vote Request from NODE 3; Args: {Term:2 CandidateId:3 LastLogIndex:-1 LastLogTerm:-1 Latency:373} [currentTerm=2, votedFor=2, log index/term=(-1, -1)]
20:35:52.605817 AT NODE 0: Sending Request Vote Reply: &{Term:2 VoteGranted:false}
20:35:52.605817 AT NODE 3: Election timer started: 4.211s, with term=2
20:35:52.605817 AT NODE 3: received RequestVoteReply from 0: {Term:2 VoteGranted:false}
20:35:52.605817 AT NODE 3: State changed from Candidate to Follower
20:35:56.958765 AT NODE 0: became Candidate with term=3;
20:35:56.958765 AT NODE 0: Election timer started: 5.556s, with term=3
20:35:56.958765 AT NODE 0: sending RequestVote to 1: {Term:3 CandidateId:0 LastLogIndex:-1 LastLogTerm:-1 Latency:95}
20:35:56.958765 AT NODE 0: sending RequestVote to 2: {Term:3 CandidateId:0 LastLogIndex:-1 LastLogTerm:-1 Latency:190}
20:35:56.958765 AT NODE 0: sending RequestVote to 3: {Term:3 CandidateId:0 LastLogIndex:-1 LastLogTerm:-1 Latency:148}
20:35:56.958765 AT NODE 0: sending RequestVote to 4: {Term:3 CandidateId:0 LastLogIndex:-1 LastLogTerm:-1 Latency:213}
20:35:57.006050 AT NODE 3: became Candidate with term=3;
20:35:57.006050 AT NODE 3: sending RequestVote to 0: {Term:3 CandidateId:3 LastLogIndex:-1 LastLogTerm:-1 Latency:282}
20:35:57.006050 AT NODE 3: sending RequestVote to 1: {Term:3 CandidateId:3 LastLogIndex:-1 LastLogTerm:-1 Latency:352}
20:35:57.006050 AT NODE 3: Election timer started: 3.397s, with term=3
20:35:57.006050 AT NODE 3: sending RequestVote to 2: {Term:3 CandidateId:3 LastLogIndex:-1 LastLogTerm:-1 Latency:4}
20:35:57.006050 AT NODE 3: sending RequestVote to 4: {Term:3 CandidateId:3 LastLogIndex:-1 LastLogTerm:-1 Latency:61}
20:35:57.100455 AT NODE 4: Received Vote Request from NODE 3; Args: {Term:3 CandidateId:3 LastLogIndex:-1 LastLogTerm:-1 Latency:61} [currentTerm=2, votedFor=2, log index/term=(-1, -1)]
20:35:57.100455 AT NODE 4: became Follower with term=3; log=[]
20:35:57.100455 AT NODE 4: Sending Request Vote Reply: &{Term:3 VoteGranted:true}
20:35:57.100455 AT NODE 4: Election timer started: 4.789s, with term=3
20:35:57.100455 AT NODE 3: received RequestVoteReply from 4: {Term:3 VoteGranted:true}
20:35:57.132202 AT NODE 3: Received Vote Request from NODE 0; Args: {Term:3 CandidateId:0 LastLogIndex:-1 LastLogTerm:-1 Latency:148} [currentTerm=3, votedFor=3, log index/term=(-1, -1)]
20:35:57.132202 AT NODE 3: Sending Request Vote Reply: &{Term:3 VoteGranted:false}
20:35:57.132202 AT NODE 0: received RequestVoteReply from 3: {Term:3 VoteGranted:false}
20:35:57.206993 AT NODE 4: Received Vote Request from NODE 0; Args: {Term:3 CandidateId:0 LastLogIndex:-1 LastLogTerm:-1 Latency:213} [currentTerm=3, votedFor=3, log index/term=(-1, -1)]
20:35:57.206993 AT NODE 4: Sending Request Vote Reply: &{Term:3 VoteGranted:false}
20:35:57.206993 AT NODE 0: received RequestVoteReply from 4: {Term:3 VoteGranted:false}
20:35:57.315476 AT NODE 0: Received Vote Request from NODE 3; Args: {Term:3 CandidateId:3 LastLogIndex:-1 LastLogTerm:-1 Latency:282} [currentTerm=3, votedFor=0, log index/term=(-1, -1)]
20:35:57.315476 AT NODE 0: Sending Request Vote Reply: &{Term:3 VoteGranted:false}
20:35:57.315476 AT NODE 3: received RequestVoteReply from 0: {Term:3 VoteGranted:false}
20:36:00.414581 AT NODE 3: became Candidate with term=4;
20:36:00.414581 AT NODE 3: Election timer started: 5.441s, with term=4
20:36:00.414581 AT NODE 3: sending RequestVote to 0: {Term:4 CandidateId:3 LastLogIndex:-1 LastLogTerm:-1 Latency:469}
20:36:00.414581 AT NODE 3: sending RequestVote to 2: {Term:4 CandidateId:3 LastLogIndex:-1 LastLogTerm:-1 Latency:96}
20:36:00.414581 AT NODE 3: sending RequestVote to 4: {Term:4 CandidateId:3 LastLogIndex:-1 LastLogTerm:-1 Latency:23}
20:36:00.414581 AT NODE 3: sending RequestVote to 1: {Term:4 CandidateId:3 LastLogIndex:-1 LastLogTerm:-1 Latency:369}
20:36:00.461888 AT NODE 4: Received Vote Request from NODE 3; Args: {Term:4 CandidateId:3 LastLogIndex:-1 LastLogTerm:-1 Latency:23} [currentTerm=3, votedFor=3, log index/term=(-1, -1)]
20:36:00.462428 AT NODE 4: became Follower with term=4; log=[]
20:36:00.462428 AT NODE 4: Sending Request Vote Reply: &{Term:4 VoteGranted:true}
20:36:00.462428 AT NODE 4: Election timer started: 3.776s, with term=4
20:36:00.462428 AT NODE 3: received RequestVoteReply from 4: {Term:4 VoteGranted:true}
20:36:00.908749 AT NODE 0: Received Vote Request from NODE 3; Args: {Term:4 CandidateId:3 LastLogIndex:-1 LastLogTerm:-1 Latency:469} [currentTerm=3, votedFor=0, log index/term=(-1, -1)]
20:36:00.908749 AT NODE 0: became Follower with term=4; log=[]
20:36:00.908749 AT NODE 0: Sending Request Vote Reply: &{Term:4 VoteGranted:true}
20:36:00.908749 AT NODE 0: Election timer started: 4.68s, with term=4
20:36:00.908749 AT NODE 3: received RequestVoteReply from 0: {Term:4 VoteGranted:true}
20:36:00.908749 AT NODE 3: Candidate 3 has won the election by majority
20:36:00.908749 AT NODE 3: became Leader; term=4, nextIndex=map[0:0 1:0 2:0 4:0], matchIndex=map[0:-1 1:-1 2:-1 4:-1]; log=[]
20:36:01.461943 [ACTION] Disconnecting 3
20:36:05.270076 AT NODE 4: became Candidate with term=5;
20:36:05.270076 AT NODE 4: Election timer started: 4.755s, with term=5
20:36:05.270076 AT NODE 4: sending RequestVote to 1: {Term:5 CandidateId:4 LastLogIndex:-1 LastLogTerm:-1 Latency:196}
20:36:05.270076 AT NODE 4: sending RequestVote to 2: {Term:5 CandidateId:4 LastLogIndex:-1 LastLogTerm:-1 Latency:332}
20:36:05.270076 AT NODE 4: sending RequestVote to 3: {Term:5 CandidateId:4 LastLogIndex:-1 LastLogTerm:-1 Latency:483}
20:36:05.270076 AT NODE 4: sending RequestVote to 0: {Term:5 CandidateId:4 LastLogIndex:-1 LastLogTerm:-1 Latency:39}
20:36:05.333190 AT NODE 0: Received Vote Request from NODE 4; Args: {Term:5 CandidateId:4 LastLogIndex:-1 LastLogTerm:-1 Latency:39} [currentTerm=4, votedFor=3, log index/term=(-1, -1)]
20:36:05.333190 AT NODE 0: became Follower with term=5; log=[]
20:36:05.333190 AT NODE 0: Sending Request Vote Reply: &{Term:5 VoteGranted:true}
20:36:05.333190 AT NODE 0: Election timer started: 5.398s, with term=5
20:36:05.333190 AT NODE 4: received RequestVoteReply from 0: {Term:5 VoteGranted:true}
20:36:10.076957 AT NODE 4: became Candidate with term=6;
20:36:10.076957 AT NODE 4: Election timer started: 5.152s, with term=6
20:36:10.076957 AT NODE 4: sending RequestVote to 0: {Term:6 CandidateId:4 LastLogIndex:-1 LastLogTerm:-1 Latency:183}
20:36:10.076957 AT NODE 4: sending RequestVote to 1: {Term:6 CandidateId:4 LastLogIndex:-1 LastLogTerm:-1 Latency:126}
20:36:10.076957 AT NODE 4: sending RequestVote to 2: {Term:6 CandidateId:4 LastLogIndex:-1 LastLogTerm:-1 Latency:301}
20:36:10.076957 AT NODE 4: sending RequestVote to 3: {Term:6 CandidateId:4 LastLogIndex:-1 LastLogTerm:-1 Latency:149}
20:36:10.282546 AT NODE 0: Received Vote Request from NODE 4; Args: {Term:6 CandidateId:4 LastLogIndex:-1 LastLogTerm:-1 Latency:183} [currentTerm=5, votedFor=4, log index/term=(-1, -1)]
20:36:10.282546 AT NODE 0: became Follower with term=6; log=[]
20:36:10.282546 AT NODE 0: Sending Request Vote Reply: &{Term:6 VoteGranted:true}
20:36:10.282546 AT NODE 0: Election timer started: 5.759s, with term=6
20:36:10.282546 AT NODE 4: received RequestVoteReply from 0: {Term:6 VoteGranted:true}
20:36:15.282609 AT NODE 4: became Candidate with term=7;
20:36:15.282609 AT NODE 4: sending RequestVote to 3: {Term:7 CandidateId:4 LastLogIndex:-1 LastLogTerm:-1 Latency:288}
20:36:15.282609 AT NODE 4: Election timer started: 5.72s, with term=7
20:36:15.282609 AT NODE 4: sending RequestVote to 1: {Term:7 CandidateId:4 LastLogIndex:-1 LastLogTerm:-1 Latency:333}
20:36:15.282609 AT NODE 4: sending RequestVote to 2: {Term:7 CandidateId:4 LastLogIndex:-1 LastLogTerm:-1 Latency:397}
20:36:15.282609 AT NODE 4: sending RequestVote to 0: {Term:7 CandidateId:4 LastLogIndex:-1 LastLogTerm:-1 Latency:478}
20:36:15.785498 AT NODE 0: Received Vote Request from NODE 4; Args: {Term:7 CandidateId:4 LastLogIndex:-1 LastLogTerm:-1 Latency:478} [currentTerm=6, votedFor=4, log index/term=(-1, -1)]
20:36:15.785498 AT NODE 0: became Follower with term=7; log=[]
20:36:15.785498 AT NODE 0: Sending Request Vote Reply: &{Term:7 VoteGranted:true}
20:36:15.785498 AT NODE 0: Election timer started: 5.364s, with term=7
20:36:15.785498 AT NODE 4: received RequestVoteReply from 0: {Term:7 VoteGranted:true}
    raft_cluster.go:145: leader not found
20:36:19.607238 AT NODE 0: KILLED
20:36:19.608822 AT NODE 0: applyCommitedLogEntries done
20:36:19.608822 AT NODE 4: KILLED
20:36:19.608822 AT NODE 4: applyCommitedLogEntries done
--- FAIL: Test1 (35.57s)
FAIL
exit status 1
FAIL	RaftLogReplication	38.139s
