=== RUN   Test2
08:52:26.658237 [0] listening at [::]:60015
08:52:26.659307 [1] listening at [::]:60016
08:52:26.659841 [2] listening at [::]:60017
08:52:26.660457 [3] listening at [::]:60018
08:52:26.660961 [4] listening at [::]:60019
08:52:26.675782 AT NODE 2: Election timer started: 3.748s, with term=0
08:52:26.675922 AT NODE 4: Election timer started: 4.029s, with term=0
08:52:26.675782 AT NODE 3: Election timer started: 4.801s, with term=0
08:52:26.675782 AT NODE 1: Election timer started: 4.982s, with term=0
08:52:26.675782 AT NODE 0: Election timer started: 5.315s, with term=0
08:52:30.478199 AT NODE 2: became Candidate with term=1;
08:52:30.478199 AT NODE 2: Election timer started: 3.385s, with term=1
08:52:30.478199 AT NODE 2: sending RequestVote to 0: {Term:1 CandidateId:2 LastLogIndex:-1 LastLogTerm:-1 Latency:72}
08:52:30.478199 AT NODE 2: sending RequestVote to 3: {Term:1 CandidateId:2 LastLogIndex:-1 LastLogTerm:-1 Latency:149}
08:52:30.478199 AT NODE 2: sending RequestVote to 4: {Term:1 CandidateId:2 LastLogIndex:-1 LastLogTerm:-1 Latency:380}
08:52:30.478199 AT NODE 2: sending RequestVote to 1: {Term:1 CandidateId:2 LastLogIndex:-1 LastLogTerm:-1 Latency:270}
08:52:30.574764 AT NODE 0: Received Vote Request from NODE 2; Args: {Term:1 CandidateId:2 LastLogIndex:-1 LastLogTerm:-1 Latency:72} [currentTerm=0, votedFor=-1, log index/term=(-1, -1)]
08:52:30.574764 AT NODE 0: became Follower with term=1; log=[]
08:52:30.653478 AT NODE 3: Received Vote Request from NODE 2; Args: {Term:1 CandidateId:2 LastLogIndex:-1 LastLogTerm:-1 Latency:149} [currentTerm=0, votedFor=-1, log index/term=(-1, -1)]
08:52:30.653478 AT NODE 3: became Follower with term=1; log=[]
08:52:30.780276 AT NODE 1: Received Vote Request from NODE 2; Args: {Term:1 CandidateId:2 LastLogIndex:-1 LastLogTerm:-1 Latency:270} [currentTerm=0, votedFor=-1, log index/term=(-1, -1)]
08:52:30.780276 AT NODE 1: became Follower with term=1; log=[]
08:52:30.889686 AT NODE 4: Received Vote Request from NODE 2; Args: {Term:1 CandidateId:2 LastLogIndex:-1 LastLogTerm:-1 Latency:380} [currentTerm=0, votedFor=-1, log index/term=(-1, -1)]
08:52:30.889686 AT NODE 4: became Follower with term=1; log=[]
08:52:33.889613 AT NODE 2: became Candidate with term=2;
08:52:33.889613 AT NODE 2: sending RequestVote to 0: {Term:2 CandidateId:2 LastLogIndex:-1 LastLogTerm:-1 Latency:209}
08:52:33.889613 AT NODE 2: Election timer started: 4.149s, with term=2
08:52:33.889613 AT NODE 2: sending RequestVote to 3: {Term:2 CandidateId:2 LastLogIndex:-1 LastLogTerm:-1 Latency:310}
08:52:33.889613 AT NODE 2: sending RequestVote to 4: {Term:2 CandidateId:2 LastLogIndex:-1 LastLogTerm:-1 Latency:417}
08:52:33.889613 AT NODE 2: sending RequestVote to 1: {Term:2 CandidateId:2 LastLogIndex:-1 LastLogTerm:-1 Latency:142}
08:52:38.091107 AT NODE 2: became Candidate with term=3;
08:52:38.091107 AT NODE 2: Election timer started: 4.504s, with term=3
08:52:38.091107 AT NODE 2: sending RequestVote to 0: {Term:3 CandidateId:2 LastLogIndex:-1 LastLogTerm:-1 Latency:239}
08:52:38.091107 AT NODE 2: sending RequestVote to 1: {Term:3 CandidateId:2 LastLogIndex:-1 LastLogTerm:-1 Latency:42}
08:52:38.091107 AT NODE 2: sending RequestVote to 4: {Term:3 CandidateId:2 LastLogIndex:-1 LastLogTerm:-1 Latency:469}
08:52:38.091107 AT NODE 2: sending RequestVote to 3: {Term:3 CandidateId:2 LastLogIndex:-1 LastLogTerm:-1 Latency:230}
08:52:42.696102 AT NODE 2: became Candidate with term=4;
08:52:42.696102 AT NODE 2: Election timer started: 4.065s, with term=4
08:52:42.696102 AT NODE 2: sending RequestVote to 0: {Term:4 CandidateId:2 LastLogIndex:-1 LastLogTerm:-1 Latency:364}
08:52:42.696102 AT NODE 2: sending RequestVote to 3: {Term:4 CandidateId:2 LastLogIndex:-1 LastLogTerm:-1 Latency:306}
08:52:42.696102 AT NODE 2: sending RequestVote to 1: {Term:4 CandidateId:2 LastLogIndex:-1 LastLogTerm:-1 Latency:294}
08:52:42.696102 AT NODE 2: sending RequestVote to 4: {Term:4 CandidateId:2 LastLogIndex:-1 LastLogTerm:-1 Latency:281}
08:52:46.910138 AT NODE 2: became Candidate with term=5;
08:52:46.910138 AT NODE 2: Election timer started: 3.148s, with term=5
08:52:46.910138 AT NODE 2: sending RequestVote to 1: {Term:5 CandidateId:2 LastLogIndex:-1 LastLogTerm:-1 Latency:58}
08:52:46.910138 AT NODE 2: sending RequestVote to 3: {Term:5 CandidateId:2 LastLogIndex:-1 LastLogTerm:-1 Latency:216}
08:52:46.910138 AT NODE 2: sending RequestVote to 0: {Term:5 CandidateId:2 LastLogIndex:-1 LastLogTerm:-1 Latency:375}
08:52:46.910138 AT NODE 2: sending RequestVote to 4: {Term:5 CandidateId:2 LastLogIndex:-1 LastLogTerm:-1 Latency:354}
08:52:50.119536 AT NODE 2: became Candidate with term=6;
08:52:50.120204 AT NODE 2: Election timer started: 3.864s, with term=6
08:52:50.120204 AT NODE 2: sending RequestVote to 0: {Term:6 CandidateId:2 LastLogIndex:-1 LastLogTerm:-1 Latency:357}
08:52:50.121188 AT NODE 2: sending RequestVote to 1: {Term:6 CandidateId:2 LastLogIndex:-1 LastLogTerm:-1 Latency:84}
08:52:50.121188 AT NODE 2: sending RequestVote to 4: {Term:6 CandidateId:2 LastLogIndex:-1 LastLogTerm:-1 Latency:99}
08:52:50.121188 AT NODE 2: sending RequestVote to 3: {Term:6 CandidateId:2 LastLogIndex:-1 LastLogTerm:-1 Latency:300}
08:52:54.124895 AT NODE 2: became Candidate with term=7;
08:52:54.124895 AT NODE 2: Election timer started: 3.285s, with term=7
08:52:54.124895 AT NODE 2: sending RequestVote to 0: {Term:7 CandidateId:2 LastLogIndex:-1 LastLogTerm:-1 Latency:20}
08:52:54.124895 AT NODE 2: sending RequestVote to 1: {Term:7 CandidateId:2 LastLogIndex:-1 LastLogTerm:-1 Latency:338}
08:52:54.124895 AT NODE 2: sending RequestVote to 3: {Term:7 CandidateId:2 LastLogIndex:-1 LastLogTerm:-1 Latency:77}
08:52:54.124895 AT NODE 2: sending RequestVote to 4: {Term:7 CandidateId:2 LastLogIndex:-1 LastLogTerm:-1 Latency:240}
08:52:57.531030 AT NODE 2: became Candidate with term=8;
08:52:57.531030 AT NODE 2: Election timer started: 3.702s, with term=8
08:52:57.531030 AT NODE 2: sending RequestVote to 0: {Term:8 CandidateId:2 LastLogIndex:-1 LastLogTerm:-1 Latency:448}
08:52:57.531030 AT NODE 2: sending RequestVote to 1: {Term:8 CandidateId:2 LastLogIndex:-1 LastLogTerm:-1 Latency:103}
08:52:57.531030 AT NODE 2: sending RequestVote to 4: {Term:8 CandidateId:2 LastLogIndex:-1 LastLogTerm:-1 Latency:282}
08:52:57.531030 AT NODE 2: sending RequestVote to 3: {Term:8 CandidateId:2 LastLogIndex:-1 LastLogTerm:-1 Latency:178}
08:53:01.336984 AT NODE 2: became Candidate with term=9;
08:53:01.336984 AT NODE 2: Election timer started: 4.581s, with term=9
08:53:01.336984 AT NODE 2: sending RequestVote to 0: {Term:9 CandidateId:2 LastLogIndex:-1 LastLogTerm:-1 Latency:397}
08:53:01.336984 AT NODE 2: sending RequestVote to 1: {Term:9 CandidateId:2 LastLogIndex:-1 LastLogTerm:-1 Latency:366}
08:53:01.336984 AT NODE 2: sending RequestVote to 3: {Term:9 CandidateId:2 LastLogIndex:-1 LastLogTerm:-1 Latency:179}
08:53:01.336984 AT NODE 2: sending RequestVote to 4: {Term:9 CandidateId:2 LastLogIndex:-1 LastLogTerm:-1 Latency:497}
08:53:05.940305 AT NODE 2: became Candidate with term=10;
08:53:05.940305 AT NODE 2: Election timer started: 5.102s, with term=10
08:53:05.940305 AT NODE 2: sending RequestVote to 0: {Term:10 CandidateId:2 LastLogIndex:-1 LastLogTerm:-1 Latency:62}
08:53:05.940305 AT NODE 2: sending RequestVote to 1: {Term:10 CandidateId:2 LastLogIndex:-1 LastLogTerm:-1 Latency:91}
08:53:05.940305 AT NODE 2: sending RequestVote to 4: {Term:10 CandidateId:2 LastLogIndex:-1 LastLogTerm:-1 Latency:119}
08:53:05.940305 AT NODE 2: sending RequestVote to 3: {Term:10 CandidateId:2 LastLogIndex:-1 LastLogTerm:-1 Latency:3}
08:53:11.154803 AT NODE 2: became Candidate with term=11;
08:53:11.154803 AT NODE 2: Election timer started: 4.457s, with term=11
08:53:11.154803 AT NODE 2: sending RequestVote to 1: {Term:11 CandidateId:2 LastLogIndex:-1 LastLogTerm:-1 Latency:466}
08:53:11.154803 AT NODE 2: sending RequestVote to 4: {Term:11 CandidateId:2 LastLogIndex:-1 LastLogTerm:-1 Latency:374}
08:53:11.154803 AT NODE 2: sending RequestVote to 0: {Term:11 CandidateId:2 LastLogIndex:-1 LastLogTerm:-1 Latency:136}
08:53:11.154803 AT NODE 2: sending RequestVote to 3: {Term:11 CandidateId:2 LastLogIndex:-1 LastLogTerm:-1 Latency:423}
08:53:15.766742 AT NODE 2: became Candidate with term=12;
08:53:15.766742 AT NODE 2: Election timer started: 4.922s, with term=12
08:53:15.766742 AT NODE 2: sending RequestVote to 0: {Term:12 CandidateId:2 LastLogIndex:-1 LastLogTerm:-1 Latency:133}
08:53:15.766742 AT NODE 2: sending RequestVote to 1: {Term:12 CandidateId:2 LastLogIndex:-1 LastLogTerm:-1 Latency:309}
08:53:15.766742 AT NODE 2: sending RequestVote to 4: {Term:12 CandidateId:2 LastLogIndex:-1 LastLogTerm:-1 Latency:233}
08:53:15.766742 AT NODE 2: sending RequestVote to 3: {Term:12 CandidateId:2 LastLogIndex:-1 LastLogTerm:-1 Latency:122}
08:53:20.772535 AT NODE 2: became Candidate with term=13;
08:53:20.773823 AT NODE 2: Election timer started: 4.666s, with term=13
08:53:20.773823 AT NODE 2: sending RequestVote to 1: {Term:13 CandidateId:2 LastLogIndex:-1 LastLogTerm:-1 Latency:178}
08:53:20.773823 AT NODE 2: sending RequestVote to 3: {Term:13 CandidateId:2 LastLogIndex:-1 LastLogTerm:-1 Latency:209}
08:53:20.773823 AT NODE 2: sending RequestVote to 0: {Term:13 CandidateId:2 LastLogIndex:-1 LastLogTerm:-1 Latency:440}
08:53:20.773823 AT NODE 2: sending RequestVote to 4: {Term:13 CandidateId:2 LastLogIndex:-1 LastLogTerm:-1 Latency:472}
08:53:25.580505 AT NODE 2: became Candidate with term=14;
08:53:25.580505 AT NODE 2: Election timer started: 3.488s, with term=14
08:53:25.580505 AT NODE 2: sending RequestVote to 0: {Term:14 CandidateId:2 LastLogIndex:-1 LastLogTerm:-1 Latency:366}
08:53:25.580505 AT NODE 2: sending RequestVote to 1: {Term:14 CandidateId:2 LastLogIndex:-1 LastLogTerm:-1 Latency:87}
08:53:25.580505 AT NODE 2: sending RequestVote to 3: {Term:14 CandidateId:2 LastLogIndex:-1 LastLogTerm:-1 Latency:7}
08:53:25.580505 AT NODE 2: sending RequestVote to 4: {Term:14 CandidateId:2 LastLogIndex:-1 LastLogTerm:-1 Latency:290}
08:53:29.194340 AT NODE 2: became Candidate with term=15;
08:53:29.194340 AT NODE 2: Election timer started: 4.138s, with term=15
08:53:29.194340 AT NODE 2: sending RequestVote to 0: {Term:15 CandidateId:2 LastLogIndex:-1 LastLogTerm:-1 Latency:74}
08:53:29.194340 AT NODE 2: sending RequestVote to 1: {Term:15 CandidateId:2 LastLogIndex:-1 LastLogTerm:-1 Latency:122}
08:53:29.194340 AT NODE 2: sending RequestVote to 3: {Term:15 CandidateId:2 LastLogIndex:-1 LastLogTerm:-1 Latency:414}
08:53:29.194340 AT NODE 2: sending RequestVote to 4: {Term:15 CandidateId:2 LastLogIndex:-1 LastLogTerm:-1 Latency:294}
08:53:33.397744 AT NODE 2: became Candidate with term=16;
08:53:33.397744 AT NODE 2: sending RequestVote to 1: {Term:16 CandidateId:2 LastLogIndex:-1 LastLogTerm:-1 Latency:358}
08:53:33.397744 AT NODE 2: sending RequestVote to 0: {Term:16 CandidateId:2 LastLogIndex:-1 LastLogTerm:-1 Latency:465}
08:53:33.397744 AT NODE 2: Election timer started: 4.262s, with term=16
08:53:33.397744 AT NODE 2: sending RequestVote to 3: {Term:16 CandidateId:2 LastLogIndex:-1 LastLogTerm:-1 Latency:340}
08:53:33.397744 AT NODE 2: sending RequestVote to 4: {Term:16 CandidateId:2 LastLogIndex:-1 LastLogTerm:-1 Latency:113}
08:53:37.806846 AT NODE 2: became Candidate with term=17;
08:53:37.806846 AT NODE 2: Election timer started: 5.214s, with term=17
08:53:37.806846 AT NODE 2: sending RequestVote to 0: {Term:17 CandidateId:2 LastLogIndex:-1 LastLogTerm:-1 Latency:366}
08:53:37.806846 AT NODE 2: sending RequestVote to 1: {Term:17 CandidateId:2 LastLogIndex:-1 LastLogTerm:-1 Latency:264}
08:53:37.806846 AT NODE 2: sending RequestVote to 3: {Term:17 CandidateId:2 LastLogIndex:-1 LastLogTerm:-1 Latency:148}
08:53:37.806846 AT NODE 2: sending RequestVote to 4: {Term:17 CandidateId:2 LastLogIndex:-1 LastLogTerm:-1 Latency:24}
08:53:43.217769 AT NODE 2: became Candidate with term=18;
08:53:43.217769 AT NODE 2: Election timer started: 3.716s, with term=18
08:53:43.217769 AT NODE 2: sending RequestVote to 1: {Term:18 CandidateId:2 LastLogIndex:-1 LastLogTerm:-1 Latency:26}
08:53:43.217769 AT NODE 2: sending RequestVote to 0: {Term:18 CandidateId:2 LastLogIndex:-1 LastLogTerm:-1 Latency:262}
08:53:43.217769 AT NODE 2: sending RequestVote to 3: {Term:18 CandidateId:2 LastLogIndex:-1 LastLogTerm:-1 Latency:250}
08:53:43.217769 AT NODE 2: sending RequestVote to 4: {Term:18 CandidateId:2 LastLogIndex:-1 LastLogTerm:-1 Latency:265}
08:53:47.024945 AT NODE 2: became Candidate with term=19;
08:53:47.024945 AT NODE 2: Election timer started: 5.445s, with term=19
08:53:47.024945 AT NODE 2: sending RequestVote to 0: {Term:19 CandidateId:2 LastLogIndex:-1 LastLogTerm:-1 Latency:417}
08:53:47.024945 AT NODE 2: sending RequestVote to 3: {Term:19 CandidateId:2 LastLogIndex:-1 LastLogTerm:-1 Latency:158}
08:53:47.024945 AT NODE 2: sending RequestVote to 4: {Term:19 CandidateId:2 LastLogIndex:-1 LastLogTerm:-1 Latency:221}
08:53:47.024945 AT NODE 2: sending RequestVote to 1: {Term:19 CandidateId:2 LastLogIndex:-1 LastLogTerm:-1 Latency:329}
08:53:52.631215 AT NODE 2: became Candidate with term=20;
08:53:52.632264 AT NODE 2: Election timer started: 5.023s, with term=20
08:53:52.632264 AT NODE 2: sending RequestVote to 0: {Term:20 CandidateId:2 LastLogIndex:-1 LastLogTerm:-1 Latency:329}
08:53:52.632264 AT NODE 2: sending RequestVote to 4: {Term:20 CandidateId:2 LastLogIndex:-1 LastLogTerm:-1 Latency:457}
08:53:52.632264 AT NODE 2: sending RequestVote to 1: {Term:20 CandidateId:2 LastLogIndex:-1 LastLogTerm:-1 Latency:114}
08:53:52.632264 AT NODE 2: sending RequestVote to 3: {Term:20 CandidateId:2 LastLogIndex:-1 LastLogTerm:-1 Latency:267}
08:53:57.833761 AT NODE 2: became Candidate with term=21;
08:53:57.834281 AT NODE 2: Election timer started: 3.395s, with term=21
08:53:57.834281 AT NODE 2: sending RequestVote to 0: {Term:21 CandidateId:2 LastLogIndex:-1 LastLogTerm:-1 Latency:486}
08:53:57.834281 AT NODE 2: sending RequestVote to 1: {Term:21 CandidateId:2 LastLogIndex:-1 LastLogTerm:-1 Latency:446}
08:53:57.834281 AT NODE 2: sending RequestVote to 4: {Term:21 CandidateId:2 LastLogIndex:-1 LastLogTerm:-1 Latency:342}
08:53:57.834281 AT NODE 2: sending RequestVote to 3: {Term:21 CandidateId:2 LastLogIndex:-1 LastLogTerm:-1 Latency:38}
08:54:01.235169 AT NODE 2: became Candidate with term=22;
08:54:01.235169 AT NODE 2: Election timer started: 4.642s, with term=22
08:54:01.235169 AT NODE 2: sending RequestVote to 0: {Term:22 CandidateId:2 LastLogIndex:-1 LastLogTerm:-1 Latency:243}
08:54:01.235169 AT NODE 2: sending RequestVote to 3: {Term:22 CandidateId:2 LastLogIndex:-1 LastLogTerm:-1 Latency:477}
08:54:01.235169 AT NODE 2: sending RequestVote to 1: {Term:22 CandidateId:2 LastLogIndex:-1 LastLogTerm:-1 Latency:474}
08:54:01.235169 AT NODE 2: sending RequestVote to 4: {Term:22 CandidateId:2 LastLogIndex:-1 LastLogTerm:-1 Latency:133}
08:54:06.037476 AT NODE 2: became Candidate with term=23;
08:54:06.039412 AT NODE 2: sending RequestVote to 1: {Term:23 CandidateId:2 LastLogIndex:-1 LastLogTerm:-1 Latency:207}
08:54:06.039412 AT NODE 2: Election timer started: 5.744s, with term=23
08:54:06.039412 AT NODE 2: sending RequestVote to 0: {Term:23 CandidateId:2 LastLogIndex:-1 LastLogTerm:-1 Latency:51}
08:54:06.039412 AT NODE 2: sending RequestVote to 3: {Term:23 CandidateId:2 LastLogIndex:-1 LastLogTerm:-1 Latency:80}
08:54:06.039412 AT NODE 2: sending RequestVote to 4: {Term:23 CandidateId:2 LastLogIndex:-1 LastLogTerm:-1 Latency:108}
08:54:11.843520 AT NODE 2: became Candidate with term=24;
08:54:11.843520 AT NODE 2: sending RequestVote to 0: {Term:24 CandidateId:2 LastLogIndex:-1 LastLogTerm:-1 Latency:300}
08:54:11.843520 AT NODE 2: Election timer started: 5.129s, with term=24
08:54:11.843520 AT NODE 2: sending RequestVote to 1: {Term:24 CandidateId:2 LastLogIndex:-1 LastLogTerm:-1 Latency:411}
08:54:11.843520 AT NODE 2: sending RequestVote to 4: {Term:24 CandidateId:2 LastLogIndex:-1 LastLogTerm:-1 Latency:251}
08:54:11.843520 AT NODE 2: sending RequestVote to 3: {Term:24 CandidateId:2 LastLogIndex:-1 LastLogTerm:-1 Latency:173}
08:54:17.050495 AT NODE 2: became Candidate with term=25;
08:54:17.050495 AT NODE 2: Election timer started: 3.319s, with term=25
08:54:17.050495 AT NODE 2: sending RequestVote to 0: {Term:25 CandidateId:2 LastLogIndex:-1 LastLogTerm:-1 Latency:122}
08:54:17.050495 AT NODE 2: sending RequestVote to 4: {Term:25 CandidateId:2 LastLogIndex:-1 LastLogTerm:-1 Latency:94}
08:54:17.050495 AT NODE 2: sending RequestVote to 1: {Term:25 CandidateId:2 LastLogIndex:-1 LastLogTerm:-1 Latency:409}
08:54:17.050495 AT NODE 2: sending RequestVote to 3: {Term:25 CandidateId:2 LastLogIndex:-1 LastLogTerm:-1 Latency:193}
08:54:20.459410 AT NODE 2: became Candidate with term=26;
08:54:20.459410 AT NODE 2: Election timer started: 4.621s, with term=26
08:54:20.459410 AT NODE 2: sending RequestVote to 0: {Term:26 CandidateId:2 LastLogIndex:-1 LastLogTerm:-1 Latency:362}
08:54:20.459410 AT NODE 2: sending RequestVote to 1: {Term:26 CandidateId:2 LastLogIndex:-1 LastLogTerm:-1 Latency:59}
08:54:20.459410 AT NODE 2: sending RequestVote to 3: {Term:26 CandidateId:2 LastLogIndex:-1 LastLogTerm:-1 Latency:309}
08:54:20.459410 AT NODE 2: sending RequestVote to 4: {Term:26 CandidateId:2 LastLogIndex:-1 LastLogTerm:-1 Latency:463}
08:54:25.270662 AT NODE 2: became Candidate with term=27;
08:54:25.270662 AT NODE 2: Election timer started: 4.838s, with term=27
08:54:25.270662 AT NODE 2: sending RequestVote to 0: {Term:27 CandidateId:2 LastLogIndex:-1 LastLogTerm:-1 Latency:384}
08:54:25.270662 AT NODE 2: sending RequestVote to 3: {Term:27 CandidateId:2 LastLogIndex:-1 LastLogTerm:-1 Latency:371}
08:54:25.270662 AT NODE 2: sending RequestVote to 1: {Term:27 CandidateId:2 LastLogIndex:-1 LastLogTerm:-1 Latency:480}
08:54:25.270662 AT NODE 2: sending RequestVote to 4: {Term:27 CandidateId:2 LastLogIndex:-1 LastLogTerm:-1 Latency:265}
08:54:30.277066 AT NODE 2: became Candidate with term=28;
08:54:30.277066 AT NODE 2: Election timer started: 5.749s, with term=28
08:54:30.277066 AT NODE 2: sending RequestVote to 0: {Term:28 CandidateId:2 LastLogIndex:-1 LastLogTerm:-1 Latency:61}
08:54:30.277066 AT NODE 2: sending RequestVote to 4: {Term:28 CandidateId:2 LastLogIndex:-1 LastLogTerm:-1 Latency:55}
08:54:30.277066 AT NODE 2: sending RequestVote to 1: {Term:28 CandidateId:2 LastLogIndex:-1 LastLogTerm:-1 Latency:493}
08:54:30.277066 AT NODE 2: sending RequestVote to 3: {Term:28 CandidateId:2 LastLogIndex:-1 LastLogTerm:-1 Latency:6}
08:54:36.089899 AT NODE 2: became Candidate with term=29;
08:54:36.090682 AT NODE 2: Election timer started: 3.79s, with term=29
08:54:36.090682 AT NODE 2: sending RequestVote to 1: {Term:29 CandidateId:2 LastLogIndex:-1 LastLogTerm:-1 Latency:216}
08:54:36.091670 AT NODE 2: sending RequestVote to 3: {Term:29 CandidateId:2 LastLogIndex:-1 LastLogTerm:-1 Latency:245}
08:54:36.090682 AT NODE 2: sending RequestVote to 0: {Term:29 CandidateId:2 LastLogIndex:-1 LastLogTerm:-1 Latency:332}
08:54:36.091670 AT NODE 2: sending RequestVote to 4: {Term:29 CandidateId:2 LastLogIndex:-1 LastLogTerm:-1 Latency:485}
08:54:39.892014 AT NODE 2: became Candidate with term=30;
08:54:39.892014 AT NODE 2: Election timer started: 3.67s, with term=30
08:54:39.892014 AT NODE 2: sending RequestVote to 0: {Term:30 CandidateId:2 LastLogIndex:-1 LastLogTerm:-1 Latency:404}
08:54:39.892014 AT NODE 2: sending RequestVote to 4: {Term:30 CandidateId:2 LastLogIndex:-1 LastLogTerm:-1 Latency:452}
08:54:39.892014 AT NODE 2: sending RequestVote to 1: {Term:30 CandidateId:2 LastLogIndex:-1 LastLogTerm:-1 Latency:493}
08:54:39.892014 AT NODE 2: sending RequestVote to 3: {Term:30 CandidateId:2 LastLogIndex:-1 LastLogTerm:-1 Latency:248}
08:54:43.702986 AT NODE 2: became Candidate with term=31;
08:54:43.702986 AT NODE 2: Election timer started: 5.825s, with term=31
08:54:43.702986 AT NODE 2: sending RequestVote to 0: {Term:31 CandidateId:2 LastLogIndex:-1 LastLogTerm:-1 Latency:177}
08:54:43.702986 AT NODE 2: sending RequestVote to 1: {Term:31 CandidateId:2 LastLogIndex:-1 LastLogTerm:-1 Latency:440}
08:54:43.702986 AT NODE 2: sending RequestVote to 4: {Term:31 CandidateId:2 LastLogIndex:-1 LastLogTerm:-1 Latency:347}
08:54:43.702986 AT NODE 2: sending RequestVote to 3: {Term:31 CandidateId:2 LastLogIndex:-1 LastLogTerm:-1 Latency:285}
08:54:49.708498 AT NODE 2: became Candidate with term=32;
08:54:49.709381 AT NODE 2: Election timer started: 4.02s, with term=32
08:54:49.709381 AT NODE 2: sending RequestVote to 0: {Term:32 CandidateId:2 LastLogIndex:-1 LastLogTerm:-1 Latency:43}
08:54:49.709381 AT NODE 2: sending RequestVote to 1: {Term:32 CandidateId:2 LastLogIndex:-1 LastLogTerm:-1 Latency:151}
08:54:49.710374 AT NODE 2: sending RequestVote to 4: {Term:32 CandidateId:2 LastLogIndex:-1 LastLogTerm:-1 Latency:147}
08:54:49.710374 AT NODE 2: sending RequestVote to 3: {Term:32 CandidateId:2 LastLogIndex:-1 LastLogTerm:-1 Latency:170}
08:54:53.922801 AT NODE 2: became Candidate with term=33;
08:54:53.922801 AT NODE 2: Election timer started: 4.001s, with term=33
08:54:53.922801 AT NODE 2: sending RequestVote to 0: {Term:33 CandidateId:2 LastLogIndex:-1 LastLogTerm:-1 Latency:150}
08:54:53.922801 AT NODE 2: sending RequestVote to 1: {Term:33 CandidateId:2 LastLogIndex:-1 LastLogTerm:-1 Latency:261}
08:54:53.922801 AT NODE 2: sending RequestVote to 3: {Term:33 CandidateId:2 LastLogIndex:-1 LastLogTerm:-1 Latency:206}
08:54:53.922801 AT NODE 2: sending RequestVote to 4: {Term:33 CandidateId:2 LastLogIndex:-1 LastLogTerm:-1 Latency:165}
08:54:57.928659 AT NODE 2: became Candidate with term=34;
08:54:57.928659 AT NODE 2: Election timer started: 4.482s, with term=34
08:54:57.928659 AT NODE 2: sending RequestVote to 0: {Term:34 CandidateId:2 LastLogIndex:-1 LastLogTerm:-1 Latency:183}
08:54:57.928659 AT NODE 2: sending RequestVote to 4: {Term:34 CandidateId:2 LastLogIndex:-1 LastLogTerm:-1 Latency:54}
08:54:57.928659 AT NODE 2: sending RequestVote to 3: {Term:34 CandidateId:2 LastLogIndex:-1 LastLogTerm:-1 Latency:330}
08:54:57.928659 AT NODE 2: sending RequestVote to 1: {Term:34 CandidateId:2 LastLogIndex:-1 LastLogTerm:-1 Latency:32}
08:55:02.533536 AT NODE 2: became Candidate with term=35;
08:55:02.533536 AT NODE 2: Election timer started: 3.599s, with term=35
08:55:02.533536 AT NODE 2: sending RequestVote to 1: {Term:35 CandidateId:2 LastLogIndex:-1 LastLogTerm:-1 Latency:381}
08:55:02.533536 AT NODE 2: sending RequestVote to 0: {Term:35 CandidateId:2 LastLogIndex:-1 LastLogTerm:-1 Latency:382}
08:55:02.533536 AT NODE 2: sending RequestVote to 4: {Term:35 CandidateId:2 LastLogIndex:-1 LastLogTerm:-1 Latency:83}
08:55:02.533536 AT NODE 2: sending RequestVote to 3: {Term:35 CandidateId:2 LastLogIndex:-1 LastLogTerm:-1 Latency:323}
08:55:06.137522 AT NODE 2: became Candidate with term=36;
08:55:06.137522 AT NODE 2: Election timer started: 4.607s, with term=36
08:55:06.137522 AT NODE 2: sending RequestVote to 1: {Term:36 CandidateId:2 LastLogIndex:-1 LastLogTerm:-1 Latency:238}
08:55:06.137522 AT NODE 2: sending RequestVote to 3: {Term:36 CandidateId:2 LastLogIndex:-1 LastLogTerm:-1 Latency:457}
08:55:06.137522 AT NODE 2: sending RequestVote to 0: {Term:36 CandidateId:2 LastLogIndex:-1 LastLogTerm:-1 Latency:480}
08:55:06.137522 AT NODE 2: sending RequestVote to 4: {Term:36 CandidateId:2 LastLogIndex:-1 LastLogTerm:-1 Latency:321}
08:55:10.944318 AT NODE 2: became Candidate with term=37;
08:55:10.944318 AT NODE 2: Election timer started: 4.609s, with term=37
08:55:10.944318 AT NODE 2: sending RequestVote to 0: {Term:37 CandidateId:2 LastLogIndex:-1 LastLogTerm:-1 Latency:80}
08:55:10.944318 AT NODE 2: sending RequestVote to 4: {Term:37 CandidateId:2 LastLogIndex:-1 LastLogTerm:-1 Latency:191}
08:55:10.944318 AT NODE 2: sending RequestVote to 1: {Term:37 CandidateId:2 LastLogIndex:-1 LastLogTerm:-1 Latency:201}
08:55:10.944318 AT NODE 2: sending RequestVote to 3: {Term:37 CandidateId:2 LastLogIndex:-1 LastLogTerm:-1 Latency:67}
08:55:15.757048 AT NODE 2: became Candidate with term=38;
08:55:15.757048 AT NODE 2: Election timer started: 5.85s, with term=38
08:55:15.757048 AT NODE 2: sending RequestVote to 0: {Term:38 CandidateId:2 LastLogIndex:-1 LastLogTerm:-1 Latency:230}
08:55:15.757048 AT NODE 2: sending RequestVote to 1: {Term:38 CandidateId:2 LastLogIndex:-1 LastLogTerm:-1 Latency:383}
08:55:15.757048 AT NODE 2: sending RequestVote to 3: {Term:38 CandidateId:2 LastLogIndex:-1 LastLogTerm:-1 Latency:120}
08:55:15.757048 AT NODE 2: sending RequestVote to 4: {Term:38 CandidateId:2 LastLogIndex:-1 LastLogTerm:-1 Latency:333}
08:55:21.758672 AT NODE 2: became Candidate with term=39;
08:55:21.758840 AT NODE 2: Election timer started: 3.663s, with term=39
08:55:21.758840 AT NODE 2: sending RequestVote to 0: {Term:39 CandidateId:2 LastLogIndex:-1 LastLogTerm:-1 Latency:214}
08:55:21.758840 AT NODE 2: sending RequestVote to 1: {Term:39 CandidateId:2 LastLogIndex:-1 LastLogTerm:-1 Latency:450}
08:55:21.758840 AT NODE 2: sending RequestVote to 3: {Term:39 CandidateId:2 LastLogIndex:-1 LastLogTerm:-1 Latency:488}
08:55:21.758840 AT NODE 2: sending RequestVote to 4: {Term:39 CandidateId:2 LastLogIndex:-1 LastLogTerm:-1 Latency:59}
08:55:25.564218 AT NODE 2: became Candidate with term=40;
08:55:25.564218 AT NODE 2: Election timer started: 5.531s, with term=40
08:55:25.564218 AT NODE 2: sending RequestVote to 0: {Term:40 CandidateId:2 LastLogIndex:-1 LastLogTerm:-1 Latency:366}
08:55:25.564218 AT NODE 2: sending RequestVote to 3: {Term:40 CandidateId:2 LastLogIndex:-1 LastLogTerm:-1 Latency:383}
08:55:25.564218 AT NODE 2: sending RequestVote to 1: {Term:40 CandidateId:2 LastLogIndex:-1 LastLogTerm:-1 Latency:270}
08:55:25.564218 AT NODE 2: sending RequestVote to 4: {Term:40 CandidateId:2 LastLogIndex:-1 LastLogTerm:-1 Latency:214}
08:55:31.164646 AT NODE 2: became Candidate with term=41;
08:55:31.164646 AT NODE 2: Election timer started: 3.435s, with term=41
08:55:31.164646 AT NODE 2: sending RequestVote to 0: {Term:41 CandidateId:2 LastLogIndex:-1 LastLogTerm:-1 Latency:191}
08:55:31.164646 AT NODE 2: sending RequestVote to 1: {Term:41 CandidateId:2 LastLogIndex:-1 LastLogTerm:-1 Latency:256}
08:55:31.164646 AT NODE 2: sending RequestVote to 4: {Term:41 CandidateId:2 LastLogIndex:-1 LastLogTerm:-1 Latency:57}
08:55:31.164646 AT NODE 2: sending RequestVote to 3: {Term:41 CandidateId:2 LastLogIndex:-1 LastLogTerm:-1 Latency:438}
08:55:34.773570 AT NODE 2: became Candidate with term=42;
08:55:34.773570 AT NODE 2: Election timer started: 3.894s, with term=42
08:55:34.773570 AT NODE 2: sending RequestVote to 0: {Term:42 CandidateId:2 LastLogIndex:-1 LastLogTerm:-1 Latency:80}
08:55:34.773570 AT NODE 2: sending RequestVote to 3: {Term:42 CandidateId:2 LastLogIndex:-1 LastLogTerm:-1 Latency:172}
08:55:34.773570 AT NODE 2: sending RequestVote to 1: {Term:42 CandidateId:2 LastLogIndex:-1 LastLogTerm:-1 Latency:301}
08:55:34.773570 AT NODE 2: sending RequestVote to 4: {Term:42 CandidateId:2 LastLogIndex:-1 LastLogTerm:-1 Latency:485}
08:55:38.784304 AT NODE 2: became Candidate with term=43;
08:55:38.785307 AT NODE 2: Election timer started: 3.913s, with term=43
08:55:38.785307 AT NODE 2: sending RequestVote to 1: {Term:43 CandidateId:2 LastLogIndex:-1 LastLogTerm:-1 Latency:154}
08:55:38.785307 AT NODE 2: sending RequestVote to 0: {Term:43 CandidateId:2 LastLogIndex:-1 LastLogTerm:-1 Latency:278}
08:55:38.785307 AT NODE 2: sending RequestVote to 4: {Term:43 CandidateId:2 LastLogIndex:-1 LastLogTerm:-1 Latency:154}
08:55:38.785307 AT NODE 2: sending RequestVote to 3: {Term:43 CandidateId:2 LastLogIndex:-1 LastLogTerm:-1 Latency:184}
08:55:42.791536 AT NODE 2: became Candidate with term=44;
08:55:42.791983 AT NODE 2: Election timer started: 3.439s, with term=44
08:55:42.791983 AT NODE 2: sending RequestVote to 1: {Term:44 CandidateId:2 LastLogIndex:-1 LastLogTerm:-1 Latency:45}
08:55:42.791983 AT NODE 2: sending RequestVote to 4: {Term:44 CandidateId:2 LastLogIndex:-1 LastLogTerm:-1 Latency:333}
08:55:42.791983 AT NODE 2: sending RequestVote to 0: {Term:44 CandidateId:2 LastLogIndex:-1 LastLogTerm:-1 Latency:328}
08:55:42.791983 AT NODE 2: sending RequestVote to 3: {Term:44 CandidateId:2 LastLogIndex:-1 LastLogTerm:-1 Latency:213}
08:55:46.394209 AT NODE 2: became Candidate with term=45;
08:55:46.396015 AT NODE 2: Election timer started: 4.787s, with term=45
08:55:46.396015 AT NODE 2: sending RequestVote to 1: {Term:45 CandidateId:2 LastLogIndex:-1 LastLogTerm:-1 Latency:38}
08:55:46.396015 AT NODE 2: sending RequestVote to 4: {Term:45 CandidateId:2 LastLogIndex:-1 LastLogTerm:-1 Latency:99}
08:55:46.396015 AT NODE 2: sending RequestVote to 0: {Term:45 CandidateId:2 LastLogIndex:-1 LastLogTerm:-1 Latency:416}
08:55:46.396015 AT NODE 2: sending RequestVote to 3: {Term:45 CandidateId:2 LastLogIndex:-1 LastLogTerm:-1 Latency:407}
08:55:51.197431 AT NODE 2: became Candidate with term=46;
08:55:51.197431 AT NODE 2: Election timer started: 4.359s, with term=46
08:55:51.197431 AT NODE 2: sending RequestVote to 1: {Term:46 CandidateId:2 LastLogIndex:-1 LastLogTerm:-1 Latency:448}
08:55:51.197431 AT NODE 2: sending RequestVote to 4: {Term:46 CandidateId:2 LastLogIndex:-1 LastLogTerm:-1 Latency:141}
08:55:51.197431 AT NODE 2: sending RequestVote to 3: {Term:46 CandidateId:2 LastLogIndex:-1 LastLogTerm:-1 Latency:270}
08:55:51.197431 AT NODE 2: sending RequestVote to 0: {Term:46 CandidateId:2 LastLogIndex:-1 LastLogTerm:-1 Latency:298}
08:55:55.601920 AT NODE 2: became Candidate with term=47;
08:55:55.601920 AT NODE 2: Election timer started: 4.127s, with term=47
08:55:55.601920 AT NODE 2: sending RequestVote to 0: {Term:47 CandidateId:2 LastLogIndex:-1 LastLogTerm:-1 Latency:380}
08:55:55.601920 AT NODE 2: sending RequestVote to 1: {Term:47 CandidateId:2 LastLogIndex:-1 LastLogTerm:-1 Latency:57}
08:55:55.601920 AT NODE 2: sending RequestVote to 3: {Term:47 CandidateId:2 LastLogIndex:-1 LastLogTerm:-1 Latency:182}
08:55:55.601920 AT NODE 2: sending RequestVote to 4: {Term:47 CandidateId:2 LastLogIndex:-1 LastLogTerm:-1 Latency:25}
08:55:59.803300 AT NODE 2: became Candidate with term=48;
08:55:59.803300 AT NODE 2: Election timer started: 5.333s, with term=48
08:55:59.803300 AT NODE 2: sending RequestVote to 0: {Term:48 CandidateId:2 LastLogIndex:-1 LastLogTerm:-1 Latency:314}
08:55:59.803300 AT NODE 2: sending RequestVote to 3: {Term:48 CandidateId:2 LastLogIndex:-1 LastLogTerm:-1 Latency:255}
08:55:59.803300 AT NODE 2: sending RequestVote to 1: {Term:48 CandidateId:2 LastLogIndex:-1 LastLogTerm:-1 Latency:190}
08:55:59.803300 AT NODE 2: sending RequestVote to 4: {Term:48 CandidateId:2 LastLogIndex:-1 LastLogTerm:-1 Latency:136}
08:56:05.214792 AT NODE 2: became Candidate with term=49;
08:56:05.215665 AT NODE 2: Election timer started: 4.805s, with term=49
08:56:05.216605 AT NODE 2: sending RequestVote to 0: {Term:49 CandidateId:2 LastLogIndex:-1 LastLogTerm:-1 Latency:13}
08:56:05.216605 AT NODE 2: sending RequestVote to 3: {Term:49 CandidateId:2 LastLogIndex:-1 LastLogTerm:-1 Latency:17}
08:56:05.216605 AT NODE 2: sending RequestVote to 1: {Term:49 CandidateId:2 LastLogIndex:-1 LastLogTerm:-1 Latency:317}
08:56:05.216605 AT NODE 2: sending RequestVote to 4: {Term:49 CandidateId:2 LastLogIndex:-1 LastLogTerm:-1 Latency:474}
08:56:10.020532 AT NODE 2: became Candidate with term=50;
08:56:10.020532 AT NODE 2: Election timer started: 3.76s, with term=50
08:56:10.020532 AT NODE 2: sending RequestVote to 0: {Term:50 CandidateId:2 LastLogIndex:-1 LastLogTerm:-1 Latency:29}
08:56:10.020532 AT NODE 2: sending RequestVote to 4: {Term:50 CandidateId:2 LastLogIndex:-1 LastLogTerm:-1 Latency:354}
08:56:10.020532 AT NODE 2: sending RequestVote to 3: {Term:50 CandidateId:2 LastLogIndex:-1 LastLogTerm:-1 Latency:297}
08:56:10.020532 AT NODE 2: sending RequestVote to 1: {Term:50 CandidateId:2 LastLogIndex:-1 LastLogTerm:-1 Latency:4}
08:56:13.830629 AT NODE 2: became Candidate with term=51;
08:56:13.830629 AT NODE 2: Election timer started: 5.128s, with term=51
08:56:13.830629 AT NODE 2: sending RequestVote to 3: {Term:51 CandidateId:2 LastLogIndex:-1 LastLogTerm:-1 Latency:146}
08:56:13.830629 AT NODE 2: sending RequestVote to 4: {Term:51 CandidateId:2 LastLogIndex:-1 LastLogTerm:-1 Latency:147}
08:56:13.830629 AT NODE 2: sending RequestVote to 0: {Term:51 CandidateId:2 LastLogIndex:-1 LastLogTerm:-1 Latency:179}
08:56:13.830629 AT NODE 2: sending RequestVote to 1: {Term:51 CandidateId:2 LastLogIndex:-1 LastLogTerm:-1 Latency:241}
08:56:19.033471 AT NODE 2: became Candidate with term=52;
08:56:19.033471 AT NODE 2: Election timer started: 3.377s, with term=52
08:56:19.033471 AT NODE 2: sending RequestVote to 0: {Term:52 CandidateId:2 LastLogIndex:-1 LastLogTerm:-1 Latency:55}
08:56:19.033471 AT NODE 2: sending RequestVote to 1: {Term:52 CandidateId:2 LastLogIndex:-1 LastLogTerm:-1 Latency:350}
08:56:19.033471 AT NODE 2: sending RequestVote to 3: {Term:52 CandidateId:2 LastLogIndex:-1 LastLogTerm:-1 Latency:459}
08:56:19.033471 AT NODE 2: sending RequestVote to 4: {Term:52 CandidateId:2 LastLogIndex:-1 LastLogTerm:-1 Latency:378}
08:56:22.448049 AT NODE 2: became Candidate with term=53;
08:56:22.448049 AT NODE 2: Election timer started: 3.715s, with term=53
08:56:22.448049 AT NODE 2: sending RequestVote to 0: {Term:53 CandidateId:2 LastLogIndex:-1 LastLogTerm:-1 Latency:473}
08:56:22.448049 AT NODE 2: sending RequestVote to 1: {Term:53 CandidateId:2 LastLogIndex:-1 LastLogTerm:-1 Latency:54}
08:56:22.448049 AT NODE 2: sending RequestVote to 3: {Term:53 CandidateId:2 LastLogIndex:-1 LastLogTerm:-1 Latency:197}
08:56:22.448049 AT NODE 2: sending RequestVote to 4: {Term:53 CandidateId:2 LastLogIndex:-1 LastLogTerm:-1 Latency:481}
08:56:26.249408 AT NODE 2: became Candidate with term=54;
08:56:26.249408 AT NODE 2: Election timer started: 4.202s, with term=54
08:56:26.249408 AT NODE 2: sending RequestVote to 0: {Term:54 CandidateId:2 LastLogIndex:-1 LastLogTerm:-1 Latency:44}
08:56:26.249408 AT NODE 2: sending RequestVote to 1: {Term:54 CandidateId:2 LastLogIndex:-1 LastLogTerm:-1 Latency:88}
08:56:26.249408 AT NODE 2: sending RequestVote to 4: {Term:54 CandidateId:2 LastLogIndex:-1 LastLogTerm:-1 Latency:150}
08:56:26.249408 AT NODE 2: sending RequestVote to 3: {Term:54 CandidateId:2 LastLogIndex:-1 LastLogTerm:-1 Latency:86}
08:56:30.456303 AT NODE 2: became Candidate with term=55;
08:56:30.456303 AT NODE 2: Election timer started: 3.081s, with term=55
08:56:30.456303 AT NODE 2: sending RequestVote to 0: {Term:55 CandidateId:2 LastLogIndex:-1 LastLogTerm:-1 Latency:316}
08:56:30.456303 AT NODE 2: sending RequestVote to 4: {Term:55 CandidateId:2 LastLogIndex:-1 LastLogTerm:-1 Latency:200}
08:56:30.456303 AT NODE 2: sending RequestVote to 1: {Term:55 CandidateId:2 LastLogIndex:-1 LastLogTerm:-1 Latency:309}
08:56:30.456303 AT NODE 2: sending RequestVote to 3: {Term:55 CandidateId:2 LastLogIndex:-1 LastLogTerm:-1 Latency:135}
08:56:33.666340 AT NODE 2: became Candidate with term=56;
08:56:33.666340 AT NODE 2: Election timer started: 3.484s, with term=56
08:56:33.666340 AT NODE 2: sending RequestVote to 0: {Term:56 CandidateId:2 LastLogIndex:-1 LastLogTerm:-1 Latency:267}
08:56:33.666340 AT NODE 2: sending RequestVote to 1: {Term:56 CandidateId:2 LastLogIndex:-1 LastLogTerm:-1 Latency:305}
08:56:33.666340 AT NODE 2: sending RequestVote to 4: {Term:56 CandidateId:2 LastLogIndex:-1 LastLogTerm:-1 Latency:113}
08:56:33.666340 AT NODE 2: sending RequestVote to 3: {Term:56 CandidateId:2 LastLogIndex:-1 LastLogTerm:-1 Latency:290}
08:56:37.275945 AT NODE 2: became Candidate with term=57;
08:56:37.275945 AT NODE 2: Election timer started: 4.874s, with term=57
08:56:37.275945 AT NODE 2: sending RequestVote to 0: {Term:57 CandidateId:2 LastLogIndex:-1 LastLogTerm:-1 Latency:445}
08:56:37.275945 AT NODE 2: sending RequestVote to 4: {Term:57 CandidateId:2 LastLogIndex:-1 LastLogTerm:-1 Latency:82}
08:56:37.275945 AT NODE 2: sending RequestVote to 3: {Term:57 CandidateId:2 LastLogIndex:-1 LastLogTerm:-1 Latency:75}
08:56:37.275945 AT NODE 2: sending RequestVote to 1: {Term:57 CandidateId:2 LastLogIndex:-1 LastLogTerm:-1 Latency:19}
08:56:42.280276 AT NODE 2: became Candidate with term=58;
08:56:42.280276 AT NODE 2: Election timer started: 3.683s, with term=58
08:56:42.280276 AT NODE 2: sending RequestVote to 0: {Term:58 CandidateId:2 LastLogIndex:-1 LastLogTerm:-1 Latency:286}
08:56:42.280276 AT NODE 2: sending RequestVote to 3: {Term:58 CandidateId:2 LastLogIndex:-1 LastLogTerm:-1 Latency:318}
08:56:42.280276 AT NODE 2: sending RequestVote to 4: {Term:58 CandidateId:2 LastLogIndex:-1 LastLogTerm:-1 Latency:30}
08:56:42.280276 AT NODE 2: sending RequestVote to 1: {Term:58 CandidateId:2 LastLogIndex:-1 LastLogTerm:-1 Latency:176}
08:56:46.093848 AT NODE 2: became Candidate with term=59;
08:56:46.093848 AT NODE 2: sending RequestVote to 0: {Term:59 CandidateId:2 LastLogIndex:-1 LastLogTerm:-1 Latency:212}
08:56:46.093848 AT NODE 2: Election timer started: 3.731s, with term=59
08:56:46.093848 AT NODE 2: sending RequestVote to 1: {Term:59 CandidateId:2 LastLogIndex:-1 LastLogTerm:-1 Latency:62}
08:56:46.093848 AT NODE 2: sending RequestVote to 4: {Term:59 CandidateId:2 LastLogIndex:-1 LastLogTerm:-1 Latency:32}
08:56:46.093848 AT NODE 2: sending RequestVote to 3: {Term:59 CandidateId:2 LastLogIndex:-1 LastLogTerm:-1 Latency:18}
08:56:49.900715 AT NODE 2: became Candidate with term=60;
08:56:49.900715 AT NODE 2: Election timer started: 3.782s, with term=60
08:56:49.900715 AT NODE 2: sending RequestVote to 0: {Term:60 CandidateId:2 LastLogIndex:-1 LastLogTerm:-1 Latency:256}
08:56:49.900715 AT NODE 2: sending RequestVote to 3: {Term:60 CandidateId:2 LastLogIndex:-1 LastLogTerm:-1 Latency:471}
08:56:49.900715 AT NODE 2: sending RequestVote to 1: {Term:60 CandidateId:2 LastLogIndex:-1 LastLogTerm:-1 Latency:262}
08:56:49.900715 AT NODE 2: sending RequestVote to 4: {Term:60 CandidateId:2 LastLogIndex:-1 LastLogTerm:-1 Latency:425}
08:56:53.704568 AT NODE 2: became Candidate with term=61;
08:56:53.706380 AT NODE 2: Election timer started: 5.917s, with term=61
08:56:53.708377 AT NODE 2: sending RequestVote to 1: {Term:61 CandidateId:2 LastLogIndex:-1 LastLogTerm:-1 Latency:311}
08:56:53.712368 AT NODE 2: sending RequestVote to 4: {Term:61 CandidateId:2 LastLogIndex:-1 LastLogTerm:-1 Latency:78}
08:56:53.713642 AT NODE 2: sending RequestVote to 3: {Term:61 CandidateId:2 LastLogIndex:-1 LastLogTerm:-1 Latency:151}
08:56:53.713642 AT NODE 2: sending RequestVote to 0: {Term:61 CandidateId:2 LastLogIndex:-1 LastLogTerm:-1 Latency:188}
08:56:59.708547 AT NODE 2: became Candidate with term=62;
08:56:59.708547 AT NODE 2: Election timer started: 5.142s, with term=62
08:56:59.708547 AT NODE 2: sending RequestVote to 0: {Term:62 CandidateId:2 LastLogIndex:-1 LastLogTerm:-1 Latency:103}
08:56:59.708547 AT NODE 2: sending RequestVote to 3: {Term:62 CandidateId:2 LastLogIndex:-1 LastLogTerm:-1 Latency:301}
08:56:59.708547 AT NODE 2: sending RequestVote to 1: {Term:62 CandidateId:2 LastLogIndex:-1 LastLogTerm:-1 Latency:121}
08:56:59.708547 AT NODE 2: sending RequestVote to 4: {Term:62 CandidateId:2 LastLogIndex:-1 LastLogTerm:-1 Latency:154}
08:57:04.919804 AT NODE 2: became Candidate with term=63;
08:57:04.919804 AT NODE 2: Election timer started: 3.002s, with term=63
08:57:04.919804 AT NODE 2: sending RequestVote to 1: {Term:63 CandidateId:2 LastLogIndex:-1 LastLogTerm:-1 Latency:44}
08:57:04.919804 AT NODE 2: sending RequestVote to 3: {Term:63 CandidateId:2 LastLogIndex:-1 LastLogTerm:-1 Latency:387}
08:57:04.919804 AT NODE 2: sending RequestVote to 0: {Term:63 CandidateId:2 LastLogIndex:-1 LastLogTerm:-1 Latency:460}
08:57:04.919804 AT NODE 2: sending RequestVote to 4: {Term:63 CandidateId:2 LastLogIndex:-1 LastLogTerm:-1 Latency:410}
08:57:07.924518 AT NODE 2: became Candidate with term=64;
08:57:07.924518 AT NODE 2: Election timer started: 5.689s, with term=64
08:57:07.924518 AT NODE 2: sending RequestVote to 0: {Term:64 CandidateId:2 LastLogIndex:-1 LastLogTerm:-1 Latency:205}
08:57:07.924518 AT NODE 2: sending RequestVote to 1: {Term:64 CandidateId:2 LastLogIndex:-1 LastLogTerm:-1 Latency:260}
08:57:07.924518 AT NODE 2: sending RequestVote to 3: {Term:64 CandidateId:2 LastLogIndex:-1 LastLogTerm:-1 Latency:167}
08:57:07.924518 AT NODE 2: sending RequestVote to 4: {Term:64 CandidateId:2 LastLogIndex:-1 LastLogTerm:-1 Latency:289}
08:57:13.731962 AT NODE 2: became Candidate with term=65;
08:57:13.731962 AT NODE 2: Election timer started: 5.714s, with term=65
08:57:13.731962 AT NODE 2: sending RequestVote to 0: {Term:65 CandidateId:2 LastLogIndex:-1 LastLogTerm:-1 Latency:93}
08:57:13.731962 AT NODE 2: sending RequestVote to 1: {Term:65 CandidateId:2 LastLogIndex:-1 LastLogTerm:-1 Latency:130}
08:57:13.731962 AT NODE 2: sending RequestVote to 4: {Term:65 CandidateId:2 LastLogIndex:-1 LastLogTerm:-1 Latency:29}
08:57:13.731962 AT NODE 2: sending RequestVote to 3: {Term:65 CandidateId:2 LastLogIndex:-1 LastLogTerm:-1 Latency:148}
08:57:19.533049 AT NODE 2: became Candidate with term=66;
08:57:19.533049 AT NODE 2: Election timer started: 3.291s, with term=66
08:57:19.533049 AT NODE 2: sending RequestVote to 3: {Term:66 CandidateId:2 LastLogIndex:-1 LastLogTerm:-1 Latency:419}
08:57:19.533049 AT NODE 2: sending RequestVote to 4: {Term:66 CandidateId:2 LastLogIndex:-1 LastLogTerm:-1 Latency:370}
08:57:19.533049 AT NODE 2: sending RequestVote to 1: {Term:66 CandidateId:2 LastLogIndex:-1 LastLogTerm:-1 Latency:352}
08:57:19.533049 AT NODE 2: sending RequestVote to 0: {Term:66 CandidateId:2 LastLogIndex:-1 LastLogTerm:-1 Latency:388}
08:57:22.941946 AT NODE 2: became Candidate with term=67;
08:57:22.941946 AT NODE 2: Election timer started: 4.377s, with term=67
08:57:22.941946 AT NODE 2: sending RequestVote to 0: {Term:67 CandidateId:2 LastLogIndex:-1 LastLogTerm:-1 Latency:286}
08:57:22.941946 AT NODE 2: sending RequestVote to 1: {Term:67 CandidateId:2 LastLogIndex:-1 LastLogTerm:-1 Latency:27}
08:57:22.941946 AT NODE 2: sending RequestVote to 4: {Term:67 CandidateId:2 LastLogIndex:-1 LastLogTerm:-1 Latency:423}
08:57:22.941946 AT NODE 2: sending RequestVote to 3: {Term:67 CandidateId:2 LastLogIndex:-1 LastLogTerm:-1 Latency:61}
08:57:27.349780 AT NODE 2: became Candidate with term=68;
08:57:27.349780 AT NODE 2: Election timer started: 4.501s, with term=68
08:57:27.349780 AT NODE 2: sending RequestVote to 0: {Term:68 CandidateId:2 LastLogIndex:-1 LastLogTerm:-1 Latency:311}
08:57:27.349780 AT NODE 2: sending RequestVote to 3: {Term:68 CandidateId:2 LastLogIndex:-1 LastLogTerm:-1 Latency:300}
08:57:27.349780 AT NODE 2: sending RequestVote to 1: {Term:68 CandidateId:2 LastLogIndex:-1 LastLogTerm:-1 Latency:367}
08:57:27.349780 AT NODE 2: sending RequestVote to 4: {Term:68 CandidateId:2 LastLogIndex:-1 LastLogTerm:-1 Latency:468}
08:57:31.962252 AT NODE 2: became Candidate with term=69;
08:57:31.963144 AT NODE 2: Election timer started: 4.1s, with term=69
08:57:31.963144 AT NODE 2: sending RequestVote to 4: {Term:69 CandidateId:2 LastLogIndex:-1 LastLogTerm:-1 Latency:139}
08:57:31.963144 AT NODE 2: sending RequestVote to 0: {Term:69 CandidateId:2 LastLogIndex:-1 LastLogTerm:-1 Latency:369}
08:57:31.963144 AT NODE 2: sending RequestVote to 1: {Term:69 CandidateId:2 LastLogIndex:-1 LastLogTerm:-1 Latency:156}
08:57:31.963144 AT NODE 2: sending RequestVote to 3: {Term:69 CandidateId:2 LastLogIndex:-1 LastLogTerm:-1 Latency:228}
08:57:36.171589 AT NODE 2: became Candidate with term=70;
08:57:36.171589 AT NODE 2: Election timer started: 5.437s, with term=70
08:57:36.171589 AT NODE 2: sending RequestVote to 0: {Term:70 CandidateId:2 LastLogIndex:-1 LastLogTerm:-1 Latency:299}
08:57:36.171589 AT NODE 2: sending RequestVote to 1: {Term:70 CandidateId:2 LastLogIndex:-1 LastLogTerm:-1 Latency:277}
08:57:36.171589 AT NODE 2: sending RequestVote to 3: {Term:70 CandidateId:2 LastLogIndex:-1 LastLogTerm:-1 Latency:203}
08:57:36.171589 AT NODE 2: sending RequestVote to 4: {Term:70 CandidateId:2 LastLogIndex:-1 LastLogTerm:-1 Latency:89}
08:57:41.779544 AT NODE 2: became Candidate with term=71;
08:57:41.779544 AT NODE 2: Election timer started: 4.445s, with term=71
08:57:41.779544 AT NODE 2: sending RequestVote to 4: {Term:71 CandidateId:2 LastLogIndex:-1 LastLogTerm:-1 Latency:378}
08:57:41.779544 AT NODE 2: sending RequestVote to 0: {Term:71 CandidateId:2 LastLogIndex:-1 LastLogTerm:-1 Latency:16}
08:57:41.779544 AT NODE 2: sending RequestVote to 1: {Term:71 CandidateId:2 LastLogIndex:-1 LastLogTerm:-1 Latency:308}
08:57:41.779544 AT NODE 2: sending RequestVote to 3: {Term:71 CandidateId:2 LastLogIndex:-1 LastLogTerm:-1 Latency:49}
08:57:46.384211 AT NODE 2: became Candidate with term=72;
08:57:46.384211 AT NODE 2: Election timer started: 4.056s, with term=72
08:57:46.384211 AT NODE 2: sending RequestVote to 0: {Term:72 CandidateId:2 LastLogIndex:-1 LastLogTerm:-1 Latency:441}
08:57:46.384211 AT NODE 2: sending RequestVote to 1: {Term:72 CandidateId:2 LastLogIndex:-1 LastLogTerm:-1 Latency:182}
08:57:46.384211 AT NODE 2: sending RequestVote to 3: {Term:72 CandidateId:2 LastLogIndex:-1 LastLogTerm:-1 Latency:427}
08:57:46.384211 AT NODE 2: sending RequestVote to 4: {Term:72 CandidateId:2 LastLogIndex:-1 LastLogTerm:-1 Latency:180}
08:57:50.585815 AT NODE 2: became Candidate with term=73;
08:57:50.585815 AT NODE 2: Election timer started: 3.203s, with term=73
08:57:50.585815 AT NODE 2: sending RequestVote to 0: {Term:73 CandidateId:2 LastLogIndex:-1 LastLogTerm:-1 Latency:6}
08:57:50.585815 AT NODE 2: sending RequestVote to 1: {Term:73 CandidateId:2 LastLogIndex:-1 LastLogTerm:-1 Latency:100}
08:57:50.585815 AT NODE 2: sending RequestVote to 4: {Term:73 CandidateId:2 LastLogIndex:-1 LastLogTerm:-1 Latency:387}
08:57:50.585815 AT NODE 2: sending RequestVote to 3: {Term:73 CandidateId:2 LastLogIndex:-1 LastLogTerm:-1 Latency:439}
08:57:53.788816 AT NODE 2: became Candidate with term=74;
08:57:53.788816 AT NODE 2: Election timer started: 4.507s, with term=74
08:57:53.788816 AT NODE 2: sending RequestVote to 0: {Term:74 CandidateId:2 LastLogIndex:-1 LastLogTerm:-1 Latency:195}
08:57:53.788816 AT NODE 2: sending RequestVote to 3: {Term:74 CandidateId:2 LastLogIndex:-1 LastLogTerm:-1 Latency:76}
08:57:53.788816 AT NODE 2: sending RequestVote to 4: {Term:74 CandidateId:2 LastLogIndex:-1 LastLogTerm:-1 Latency:417}
08:57:53.788816 AT NODE 2: sending RequestVote to 1: {Term:74 CandidateId:2 LastLogIndex:-1 LastLogTerm:-1 Latency:159}
08:57:58.396828 AT NODE 2: became Candidate with term=75;
08:57:58.396828 AT NODE 2: Election timer started: 4.596s, with term=75
08:57:58.396828 AT NODE 2: sending RequestVote to 1: {Term:75 CandidateId:2 LastLogIndex:-1 LastLogTerm:-1 Latency:168}
08:57:58.396828 AT NODE 2: sending RequestVote to 3: {Term:75 CandidateId:2 LastLogIndex:-1 LastLogTerm:-1 Latency:278}
08:57:58.396828 AT NODE 2: sending RequestVote to 0: {Term:75 CandidateId:2 LastLogIndex:-1 LastLogTerm:-1 Latency:352}
08:57:58.396828 AT NODE 2: sending RequestVote to 4: {Term:75 CandidateId:2 LastLogIndex:-1 LastLogTerm:-1 Latency:151}
08:58:02.997185 AT NODE 2: became Candidate with term=76;
08:58:02.998120 AT NODE 2: Election timer started: 4.533s, with term=76
08:58:02.998120 AT NODE 2: sending RequestVote to 0: {Term:76 CandidateId:2 LastLogIndex:-1 LastLogTerm:-1 Latency:363}
08:58:02.998120 AT NODE 2: sending RequestVote to 1: {Term:76 CandidateId:2 LastLogIndex:-1 LastLogTerm:-1 Latency:109}
08:58:02.999117 AT NODE 2: sending RequestVote to 3: {Term:76 CandidateId:2 LastLogIndex:-1 LastLogTerm:-1 Latency:464}
08:58:02.999117 AT NODE 2: sending RequestVote to 4: {Term:76 CandidateId:2 LastLogIndex:-1 LastLogTerm:-1 Latency:218}
08:58:07.611526 AT NODE 2: became Candidate with term=77;
08:58:07.612529 AT NODE 2: Election timer started: 4.295s, with term=77
08:58:07.612529 AT NODE 2: sending RequestVote to 0: {Term:77 CandidateId:2 LastLogIndex:-1 LastLogTerm:-1 Latency:47}
08:58:07.612529 AT NODE 2: sending RequestVote to 1: {Term:77 CandidateId:2 LastLogIndex:-1 LastLogTerm:-1 Latency:130}
08:58:07.614002 AT NODE 2: sending RequestVote to 4: {Term:77 CandidateId:2 LastLogIndex:-1 LastLogTerm:-1 Latency:487}
08:58:07.614002 AT NODE 2: sending RequestVote to 3: {Term:77 CandidateId:2 LastLogIndex:-1 LastLogTerm:-1 Latency:181}
08:58:12.019647 AT NODE 2: became Candidate with term=78;
08:58:12.021505 AT NODE 2: Election timer started: 5.039s, with term=78
08:58:12.021505 AT NODE 2: sending RequestVote to 0: {Term:78 CandidateId:2 LastLogIndex:-1 LastLogTerm:-1 Latency:408}
08:58:12.021505 AT NODE 2: sending RequestVote to 1: {Term:78 CandidateId:2 LastLogIndex:-1 LastLogTerm:-1 Latency:50}
08:58:12.021505 AT NODE 2: sending RequestVote to 3: {Term:78 CandidateId:2 LastLogIndex:-1 LastLogTerm:-1 Latency:230}
08:58:12.021505 AT NODE 2: sending RequestVote to 4: {Term:78 CandidateId:2 LastLogIndex:-1 LastLogTerm:-1 Latency:360}
08:58:17.229519 AT NODE 2: became Candidate with term=79;
08:58:17.229519 AT NODE 2: Election timer started: 5.024s, with term=79
08:58:17.229519 AT NODE 2: sending RequestVote to 0: {Term:79 CandidateId:2 LastLogIndex:-1 LastLogTerm:-1 Latency:458}
08:58:17.229519 AT NODE 2: sending RequestVote to 1: {Term:79 CandidateId:2 LastLogIndex:-1 LastLogTerm:-1 Latency:221}
08:58:17.229519 AT NODE 2: sending RequestVote to 3: {Term:79 CandidateId:2 LastLogIndex:-1 LastLogTerm:-1 Latency:198}
08:58:17.229519 AT NODE 2: sending RequestVote to 4: {Term:79 CandidateId:2 LastLogIndex:-1 LastLogTerm:-1 Latency:29}
08:58:22.433142 AT NODE 2: became Candidate with term=80;
08:58:22.434935 AT NODE 2: Election timer started: 3.668s, with term=80
08:58:22.434935 AT NODE 2: sending RequestVote to 0: {Term:80 CandidateId:2 LastLogIndex:-1 LastLogTerm:-1 Latency:326}
08:58:22.434935 AT NODE 2: sending RequestVote to 4: {Term:80 CandidateId:2 LastLogIndex:-1 LastLogTerm:-1 Latency:342}
08:58:22.434935 AT NODE 2: sending RequestVote to 1: {Term:80 CandidateId:2 LastLogIndex:-1 LastLogTerm:-1 Latency:423}
08:58:22.434935 AT NODE 2: sending RequestVote to 3: {Term:80 CandidateId:2 LastLogIndex:-1 LastLogTerm:-1 Latency:27}
08:58:26.241195 AT NODE 2: became Candidate with term=81;
08:58:26.241195 AT NODE 2: Election timer started: 5.696s, with term=81
08:58:26.241195 AT NODE 2: sending RequestVote to 0: {Term:81 CandidateId:2 LastLogIndex:-1 LastLogTerm:-1 Latency:459}
08:58:26.241195 AT NODE 2: sending RequestVote to 4: {Term:81 CandidateId:2 LastLogIndex:-1 LastLogTerm:-1 Latency:359}
08:58:26.241195 AT NODE 2: sending RequestVote to 1: {Term:81 CandidateId:2 LastLogIndex:-1 LastLogTerm:-1 Latency:209}
08:58:26.241195 AT NODE 2: sending RequestVote to 3: {Term:81 CandidateId:2 LastLogIndex:-1 LastLogTerm:-1 Latency:271}
08:58:32.042546 AT NODE 2: became Candidate with term=82;
08:58:32.042546 AT NODE 2: Election timer started: 5.531s, with term=82
08:58:32.042546 AT NODE 2: sending RequestVote to 0: {Term:82 CandidateId:2 LastLogIndex:-1 LastLogTerm:-1 Latency:3}
08:58:32.042546 AT NODE 2: sending RequestVote to 1: {Term:82 CandidateId:2 LastLogIndex:-1 LastLogTerm:-1 Latency:104}
08:58:32.042546 AT NODE 2: sending RequestVote to 3: {Term:82 CandidateId:2 LastLogIndex:-1 LastLogTerm:-1 Latency:447}
08:58:32.042546 AT NODE 2: sending RequestVote to 4: {Term:82 CandidateId:2 LastLogIndex:-1 LastLogTerm:-1 Latency:69}
exit status 0xc000013a
FAIL	RaftLogReplication	371.089s
