=== RUN   Test2
20:42:20.479295 [0] listening at [::]:55126
20:42:20.480315 [1] listening at [::]:55127
20:42:20.480826 [2] listening at [::]:55128
20:42:20.481432 [3] listening at [::]:55129
20:42:20.481933 [4] listening at [::]:55130
20:42:20.500134 AT NODE 1: Election timer started: 5.548s, with term=0
20:42:20.500668 AT NODE 3: Election timer started: 4.856s, with term=0
20:42:20.500668 AT NODE 4: Election timer started: 3.233s, with term=0
20:42:20.500668 AT NODE 2: Election timer started: 3.599s, with term=0
20:42:20.500668 AT NODE 0: Election timer started: 5.119s, with term=0
20:42:23.907419 AT NODE 4: became Candidate with term=1;
20:42:23.908629 AT NODE 4: Election timer started: 5.322s, with term=1
20:42:23.909175 AT NODE 4: sending RequestVote to 0: {Term:1 CandidateId:4 LastLogIndex:-1 LastLogTerm:-1 Latency:80}
20:42:23.909175 AT NODE 4: sending RequestVote to 3: {Term:1 CandidateId:4 LastLogIndex:-1 LastLogTerm:-1 Latency:464}
20:42:23.909175 AT NODE 4: sending RequestVote to 2: {Term:1 CandidateId:4 LastLogIndex:-1 LastLogTerm:-1 Latency:41}
20:42:23.909175 AT NODE 4: sending RequestVote to 1: {Term:1 CandidateId:4 LastLogIndex:-1 LastLogTerm:-1 Latency:309}
20:42:23.970489 AT NODE 2: Received Vote Request from NODE 4; Args: {Term:1 CandidateId:4 LastLogIndex:-1 LastLogTerm:-1 Latency:41} [currentTerm=0, votedFor=-1, log index/term=(-1, -1)]
20:42:23.970489 AT NODE 2: became Follower with term=1; log=[]
20:42:23.970489 AT NODE 2: Sending Request Vote Reply: &{Term:1 VoteGranted:true}
20:42:23.970489 AT NODE 2: Election timer started: 5.544s, with term=1
20:42:23.970489 AT NODE 4: received RequestVoteReply from 2: {Term:1 VoteGranted:true}
20:42:24.018026 AT NODE 0: Received Vote Request from NODE 4; Args: {Term:1 CandidateId:4 LastLogIndex:-1 LastLogTerm:-1 Latency:80} [currentTerm=0, votedFor=-1, log index/term=(-1, -1)]
20:42:24.018026 AT NODE 0: became Follower with term=1; log=[]
20:42:24.018026 AT NODE 0: Sending Request Vote Reply: &{Term:1 VoteGranted:true}
20:42:24.018026 AT NODE 0: Election timer started: 3.221s, with term=1
20:42:24.018026 AT NODE 4: received RequestVoteReply from 0: {Term:1 VoteGranted:true}
20:42:24.018026 AT NODE 4: Candidate 4 has won the election by majority
20:42:24.018026 AT NODE 4: became Leader; term=1, nextIndex=map[0:0 1:0 2:0 3:0], matchIndex=map[0:-1 1:-1 2:-1 3:-1]; log=[]
20:42:24.176337 AT NODE 1: became Follower with term=1; log=[]
20:42:24.176868 AT NODE 1: Election timer started: 5.801s, with term=1
20:42:24.239795 AT NODE 1: Received Vote Request from NODE 4; Args: {Term:1 CandidateId:4 LastLogIndex:-1 LastLogTerm:-1 Latency:309} [currentTerm=1, votedFor=-1, log index/term=(-1, -1)]
20:42:24.239795 AT NODE 1: Sending Request Vote Reply: &{Term:1 VoteGranted:true}
20:42:24.239795 AT NODE 4: received RequestVoteReply from 1: {Term:1 VoteGranted:true}
20:42:24.239795 AT NODE 4: State changed from Candidate to Leader
20:42:24.287237 AT NODE 4: ReceiveClientCommand received by Leader: Set X = 5
20:42:24.287237 AT NODE 4: Log=[{Set X = 5 1}]
20:42:24.287237 AT NODE 4: ReceiveClientCommand received by Leader: Set X = 1000
20:42:24.287237 AT NODE 4: Log=[{Set X = 5 1} {Set X = 1000 1}]
20:42:24.397558 AT NODE 3: Received Vote Request from NODE 4; Args: {Term:1 CandidateId:4 LastLogIndex:-1 LastLogTerm:-1 Latency:464} [currentTerm=0, votedFor=-1, log index/term=(-1, -1)]
20:42:24.397558 AT NODE 3: became Follower with term=1; log=[]
20:42:24.398064 AT NODE 3: Sending Request Vote Reply: &{Term:1 VoteGranted:true}
20:42:24.398064 AT NODE 3: Election timer started: 5.773s, with term=1
20:42:24.398615 AT NODE 4: received RequestVoteReply from 3: {Term:1 VoteGranted:true}
20:42:24.399167 AT NODE 4: State changed from Candidate to Leader
20:42:25.030223 AT NODE 4: sending AppendEntries to 0: currentPeer_nextIndex=0, args={Term:1 LeaderId:4 PrevLogIndex:-1 PrevLogTerm:-1 Entries:[{Command:Set X = 5 Term:1} {Command:Set X = 1000 Term:1}] LeaderCommit:-1 Latency:441}
20:42:25.030223 AT NODE 4: sending AppendEntries to 1: currentPeer_nextIndex=0, args={Term:1 LeaderId:4 PrevLogIndex:-1 PrevLogTerm:-1 Entries:[{Command:Set X = 5 Term:1} {Command:Set X = 1000 Term:1}] LeaderCommit:-1 Latency:117}
20:42:25.030223 AT NODE 4: sending AppendEntries to 2: currentPeer_nextIndex=0, args={Term:1 LeaderId:4 PrevLogIndex:-1 PrevLogTerm:-1 Entries:[{Command:Set X = 5 Term:1} {Command:Set X = 1000 Term:1}] LeaderCommit:-1 Latency:252}
20:42:25.030223 AT NODE 4: sending AppendEntries to 3: currentPeer_nextIndex=0, args={Term:1 LeaderId:4 PrevLogIndex:-1 PrevLogTerm:-1 Entries:[{Command:Set X = 5 Term:1} {Command:Set X = 1000 Term:1}] LeaderCommit:-1 Latency:74}
20:42:25.139647 AT NODE 3: Received AppendEntries from NODE 4; args: {Term:1 LeaderId:4 PrevLogIndex:-1 PrevLogTerm:-1 Entries:[{Command:Set X = 5 Term:1} {Command:Set X = 1000 Term:1}] LeaderCommit:-1 Latency:74}
20:42:25.139647 AT NODE 3: Log is now: [{Set X = 5 1} {Set X = 1000 1}]
20:42:25.139647 AT NODE 3: Sending AppendEntries reply: {Term:1 Success:true}
20:42:25.140161 AT NODE 4: AppendEntries reply from NODE 3 success: nextIndex := map[0:0 1:0 2:0 3:2], matchIndex := map[0:-1 1:-1 2:-1 3:1]
20:42:25.171855 AT NODE 1: Received AppendEntries from NODE 4; args: {Term:1 LeaderId:4 PrevLogIndex:-1 PrevLogTerm:-1 Entries:[{Command:Set X = 5 Term:1} {Command:Set X = 1000 Term:1}] LeaderCommit:-1 Latency:117}
20:42:25.171855 AT NODE 1: Log is now: [{Set X = 5 1} {Set X = 1000 1}]
20:42:25.172364 AT NODE 1: Sending AppendEntries reply: {Term:1 Success:true}
20:42:25.173038 AT NODE 4: AppendEntries reply from NODE 1 success: nextIndex := map[0:0 1:2 2:0 3:2], matchIndex := map[0:-1 1:1 2:-1 3:1]
20:42:25.173038 AT NODE 4: leader sets commitIndex := 1
20:42:25.315517 AT NODE 2: Received AppendEntries from NODE 4; args: {Term:1 LeaderId:4 PrevLogIndex:-1 PrevLogTerm:-1 Entries:[{Command:Set X = 5 Term:1} {Command:Set X = 1000 Term:1}] LeaderCommit:-1 Latency:252}
20:42:25.315807 AT NODE 2: Log is now: [{Set X = 5 1} {Set X = 1000 1}]
20:42:25.315807 AT NODE 2: Sending AppendEntries reply: {Term:1 Success:true}
20:42:25.316314 AT NODE 4: AppendEntries reply from NODE 2 success: nextIndex := map[0:0 1:2 2:2 3:2], matchIndex := map[0:-1 1:1 2:1 3:1]
20:42:25.503562 AT NODE 0: Received AppendEntries from NODE 4; args: {Term:1 LeaderId:4 PrevLogIndex:-1 PrevLogTerm:-1 Entries:[{Command:Set X = 5 Term:1} {Command:Set X = 1000 Term:1}] LeaderCommit:-1 Latency:441}
20:42:25.504670 AT NODE 0: Log is now: [{Set X = 5 1} {Set X = 1000 1}]
20:42:25.504670 AT NODE 0: Sending AppendEntries reply: {Term:1 Success:true}
20:42:25.505183 AT NODE 4: AppendEntries reply from NODE 0 success: nextIndex := map[0:2 1:2 2:2 3:2], matchIndex := map[0:1 1:1 2:1 3:1]
20:42:27.294677 [ACTION] Disconnecting 4
20:42:30.624765 AT NODE 0: became Candidate with term=2;
20:42:30.624765 AT NODE 0: Election timer started: 3.905s, with term=2
20:42:30.624765 AT NODE 0: sending RequestVote to 2: {Term:2 CandidateId:0 LastLogIndex:1 LastLogTerm:1 Latency:496}
20:42:30.624765 AT NODE 0: sending RequestVote to 3: {Term:2 CandidateId:0 LastLogIndex:1 LastLogTerm:1 Latency:71}
20:42:30.624765 AT NODE 0: sending RequestVote to 4: {Term:2 CandidateId:0 LastLogIndex:1 LastLogTerm:1 Latency:326}
20:42:30.624765 AT NODE 0: sending RequestVote to 1: {Term:2 CandidateId:0 LastLogIndex:1 LastLogTerm:1 Latency:357}
20:42:30.719902 AT NODE 3: Received Vote Request from NODE 0; Args: {Term:2 CandidateId:0 LastLogIndex:1 LastLogTerm:1 Latency:71} [currentTerm=1, votedFor=4, log index/term=(1, 1)]
20:42:30.719902 AT NODE 3: became Follower with term=2; log=[{Set X = 5 1} {Set X = 1000 1}]
20:42:30.719902 AT NODE 3: Sending Request Vote Reply: &{Term:2 VoteGranted:true}
20:42:30.719902 AT NODE 3: Election timer started: 4.468s, with term=2
20:42:30.719902 AT NODE 0: received RequestVoteReply from 3: {Term:2 VoteGranted:true}
20:42:31.014744 AT NODE 1: Received Vote Request from NODE 0; Args: {Term:2 CandidateId:0 LastLogIndex:1 LastLogTerm:1 Latency:357} [currentTerm=1, votedFor=4, log index/term=(1, 1)]
20:42:31.014744 AT NODE 1: became Follower with term=2; log=[{Set X = 5 1} {Set X = 1000 1}]
20:42:31.014744 AT NODE 1: Sending Request Vote Reply: &{Term:2 VoteGranted:true}
20:42:31.014744 AT NODE 1: Election timer started: 5.65s, with term=2
20:42:31.014744 AT NODE 0: received RequestVoteReply from 1: {Term:2 VoteGranted:true}
20:42:31.014744 AT NODE 0: Candidate 0 has won the election by majority
20:42:31.014744 AT NODE 0: became Leader; term=2, nextIndex=map[1:2 2:2 3:2 4:2], matchIndex=map[1:-1 2:-1 3:-1 4:-1]; log=[{Set X = 5 1} {Set X = 1000 1}]
20:42:31.061796 AT NODE 0: ReceiveClientCommand received by Leader: Set X = X+10
20:42:31.061796 AT NODE 0: Log=[{Set X = 5 1} {Set X = 1000 1} {Set X = X+10 2}]
20:42:31.061796 AT NODE 0: ReceiveClientCommand received by Leader: Set X = X+1
20:42:31.061796 AT NODE 0: Log=[{Set X = 5 1} {Set X = 1000 1} {Set X = X+10 2} {Set X = X+1 2}]
20:42:31.061796 AT NODE 0: ReceiveClientCommand received by Leader: Set Y = 5
20:42:31.061796 AT NODE 0: Log=[{Set X = 5 1} {Set X = 1000 1} {Set X = X+10 2} {Set X = X+1 2} {Set Y = 5 2}]
20:42:31.061796 AT NODE 0: ReceiveClientCommand received by Leader: Set Y = X+Y
20:42:31.061796 AT NODE 0: Log=[{Set X = 5 1} {Set X = 1000 1} {Set X = X+10 2} {Set X = X+1 2} {Set Y = 5 2} {Set Y = X+Y 2}]
20:42:31.061796 AT NODE 0: ReceiveClientCommand received by Leader: Set Y = Y+3
20:42:31.061796 AT NODE 0: Log=[{Set X = 5 1} {Set X = 1000 1} {Set X = X+10 2} {Set X = X+1 2} {Set Y = 5 2} {Set Y = X+Y 2} {Set Y = Y+3 2}]
20:42:31.061796 AT NODE 0: ReceiveClientCommand received by Leader: Set Z = -1
20:42:31.061796 AT NODE 0: Log=[{Set X = 5 1} {Set X = 1000 1} {Set X = X+10 2} {Set X = X+1 2} {Set Y = 5 2} {Set Y = X+Y 2} {Set Y = Y+3 2} {Set Z = -1 2}]
20:42:31.141001 AT NODE 2: Received Vote Request from NODE 0; Args: {Term:2 CandidateId:0 LastLogIndex:1 LastLogTerm:1 Latency:496} [currentTerm=1, votedFor=4, log index/term=(1, 1)]
20:42:31.141001 AT NODE 2: became Follower with term=2; log=[{Set X = 5 1} {Set X = 1000 1}]
20:42:31.141516 AT NODE 2: Sending Request Vote Reply: &{Term:2 VoteGranted:true}
20:42:31.142049 AT NODE 2: Election timer started: 3.637s, with term=2
20:42:31.142688 AT NODE 0: received RequestVoteReply from 2: {Term:2 VoteGranted:true}
20:42:31.142688 AT NODE 0: State changed from Candidate to Leader
20:42:32.024835 AT NODE 0: sending AppendEntries to 3: currentPeer_nextIndex=2, args={Term:2 LeaderId:0 PrevLogIndex:1 PrevLogTerm:1 Entries:[{Command:Set X = X+10 Term:2} {Command:Set X = X+1 Term:2} {Command:Set Y = 5 Term:2} {Command:Set Y = X+Y Term:2} {Command:Set Y = Y+3 Term:2} {Command:Set Z = -1 Term:2}] LeaderCommit:1 Latency:292}
20:42:32.024835 AT NODE 0: sending AppendEntries to 2: currentPeer_nextIndex=2, args={Term:2 LeaderId:0 PrevLogIndex:1 PrevLogTerm:1 Entries:[{Command:Set X = X+10 Term:2} {Command:Set X = X+1 Term:2} {Command:Set Y = 5 Term:2} {Command:Set Y = X+Y Term:2} {Command:Set Y = Y+3 Term:2} {Command:Set Z = -1 Term:2}] LeaderCommit:1 Latency:68}
20:42:32.024835 AT NODE 0: sending AppendEntries to 1: currentPeer_nextIndex=2, args={Term:2 LeaderId:0 PrevLogIndex:1 PrevLogTerm:1 Entries:[{Command:Set X = X+10 Term:2} {Command:Set X = X+1 Term:2} {Command:Set Y = 5 Term:2} {Command:Set Y = X+Y Term:2} {Command:Set Y = Y+3 Term:2} {Command:Set Z = -1 Term:2}] LeaderCommit:1 Latency:205}
20:42:32.024835 AT NODE 0: sending AppendEntries to 4: currentPeer_nextIndex=2, args={Term:2 LeaderId:0 PrevLogIndex:1 PrevLogTerm:1 Entries:[{Command:Set X = X+10 Term:2} {Command:Set X = X+1 Term:2} {Command:Set Y = 5 Term:2} {Command:Set Y = X+Y Term:2} {Command:Set Y = Y+3 Term:2} {Command:Set Z = -1 Term:2}] LeaderCommit:1 Latency:308}
20:42:32.118716 AT NODE 2: Received AppendEntries from NODE 0; args: {Term:2 LeaderId:0 PrevLogIndex:1 PrevLogTerm:1 Entries:[{Command:Set X = X+10 Term:2} {Command:Set X = X+1 Term:2} {Command:Set Y = 5 Term:2} {Command:Set Y = X+Y Term:2} {Command:Set Y = Y+3 Term:2} {Command:Set Z = -1 Term:2}] LeaderCommit:1 Latency:68}
20:42:32.119221 AT NODE 2: Log is now: [{Set X = 5 1} {Set X = 1000 1} {Set X = X+10 2} {Set X = X+1 2} {Set Y = 5 2} {Set Y = X+Y 2} {Set Y = Y+3 2} {Set Z = -1 2}]
20:42:32.119221 AT NODE 2: Sending AppendEntries reply: {Term:2 Success:true}
20:42:32.119221 AT NODE 0: AppendEntries reply from NODE 2 success: nextIndex := map[1:2 2:8 3:2 4:2], matchIndex := map[1:1 2:7 3:1 4:-1]
20:42:32.260887 AT NODE 1: Received AppendEntries from NODE 0; args: {Term:2 LeaderId:0 PrevLogIndex:1 PrevLogTerm:1 Entries:[{Command:Set X = X+10 Term:2} {Command:Set X = X+1 Term:2} {Command:Set Y = 5 Term:2} {Command:Set Y = X+Y Term:2} {Command:Set Y = Y+3 Term:2} {Command:Set Z = -1 Term:2}] LeaderCommit:1 Latency:205}
20:42:32.261394 AT NODE 1: Log is now: [{Set X = 5 1} {Set X = 1000 1} {Set X = X+10 2} {Set X = X+1 2} {Set Y = 5 2} {Set Y = X+Y 2} {Set Y = Y+3 2} {Set Z = -1 2}]
20:42:32.261394 AT NODE 1: Sending AppendEntries reply: {Term:2 Success:true}
20:42:32.261394 AT NODE 0: AppendEntries reply from NODE 1 success: nextIndex := map[1:8 2:8 3:2 4:2], matchIndex := map[1:7 2:7 3:1 4:-1]
20:42:32.261394 AT NODE 0: leader sets commitIndex := 7
20:42:32.355214 AT NODE 3: Received AppendEntries from NODE 0; args: {Term:2 LeaderId:0 PrevLogIndex:1 PrevLogTerm:1 Entries:[{Command:Set X = X+10 Term:2} {Command:Set X = X+1 Term:2} {Command:Set Y = 5 Term:2} {Command:Set Y = X+Y Term:2} {Command:Set Y = Y+3 Term:2} {Command:Set Z = -1 Term:2}] LeaderCommit:1 Latency:292}
20:42:32.355905 AT NODE 3: Log is now: [{Set X = 5 1} {Set X = 1000 1} {Set X = X+10 2} {Set X = X+1 2} {Set Y = 5 2} {Set Y = X+Y 2} {Set Y = Y+3 2} {Set Z = -1 2}]
20:42:32.355905 AT NODE 3: Sending AppendEntries reply: {Term:2 Success:true}
20:42:32.356413 AT NODE 0: AppendEntries reply from NODE 3 success: nextIndex := map[1:8 2:8 3:8 4:2], matchIndex := map[1:7 2:7 3:7 4:-1]
20:42:33.017802 AT NODE 0: sending AppendEntries to 4: currentPeer_nextIndex=2, args={Term:2 LeaderId:0 PrevLogIndex:1 PrevLogTerm:1 Entries:[{Command:Set X = X+10 Term:2} {Command:Set X = X+1 Term:2} {Command:Set Y = 5 Term:2} {Command:Set Y = X+Y Term:2} {Command:Set Y = Y+3 Term:2} {Command:Set Z = -1 Term:2}] LeaderCommit:7 Latency:446}
20:42:34.022472 AT NODE 0: sending AppendEntries to 4: currentPeer_nextIndex=2, args={Term:2 LeaderId:0 PrevLogIndex:1 PrevLogTerm:1 Entries:[{Command:Set X = X+10 Term:2} {Command:Set X = X+1 Term:2} {Command:Set Y = 5 Term:2} {Command:Set Y = X+Y Term:2} {Command:Set Y = Y+3 Term:2} {Command:Set Z = -1 Term:2}] LeaderCommit:7 Latency:309}
20:42:34.069424 AT NODE 0: ReceiveClientCommand received by Leader: Set Z = 3
20:42:34.069424 AT NODE 0: Log=[{Set X = 5 1} {Set X = 1000 1} {Set X = X+10 2} {Set X = X+1 2} {Set Y = 5 2} {Set Y = X+Y 2} {Set Y = Y+3 2} {Set Z = -1 2} {Set Z = 3 2}]
20:42:35.024987 AT NODE 0: sending AppendEntries to 1: currentPeer_nextIndex=8, args={Term:2 LeaderId:0 PrevLogIndex:7 PrevLogTerm:2 Entries:[{Command:Set Z = 3 Term:2}] LeaderCommit:7 Latency:180}
20:42:35.025892 AT NODE 0: sending AppendEntries to 2: currentPeer_nextIndex=8, args={Term:2 LeaderId:0 PrevLogIndex:7 PrevLogTerm:2 Entries:[{Command:Set Z = 3 Term:2}] LeaderCommit:7 Latency:178}
20:42:35.025892 AT NODE 0: sending AppendEntries to 3: currentPeer_nextIndex=8, args={Term:2 LeaderId:0 PrevLogIndex:7 PrevLogTerm:2 Entries:[{Command:Set Z = 3 Term:2}] LeaderCommit:7 Latency:39}
20:42:35.026892 AT NODE 0: sending AppendEntries to 4: currentPeer_nextIndex=2, args={Term:2 LeaderId:0 PrevLogIndex:1 PrevLogTerm:1 Entries:[{Command:Set X = X+10 Term:2} {Command:Set X = X+1 Term:2} {Command:Set Y = 5 Term:2} {Command:Set Y = X+Y Term:2} {Command:Set Y = Y+3 Term:2} {Command:Set Z = -1 Term:2} {Command:Set Z = 3 Term:2}] LeaderCommit:7 Latency:265}
20:42:35.088865 AT NODE 3: Received AppendEntries from NODE 0; args: {Term:2 LeaderId:0 PrevLogIndex:7 PrevLogTerm:2 Entries:[{Command:Set Z = 3 Term:2}] LeaderCommit:7 Latency:39}
20:42:35.089523 AT NODE 3: Log is now: [{Set X = 5 1} {Set X = 1000 1} {Set X = X+10 2} {Set X = X+1 2} {Set Y = 5 2} {Set Y = X+Y 2} {Set Y = Y+3 2} {Set Z = -1 2} {Set Z = 3 2}]
20:42:35.089523 AT NODE 3: Sending AppendEntries reply: {Term:2 Success:true}
20:42:35.090027 AT NODE 0: AppendEntries reply from NODE 3 success: nextIndex := map[1:8 2:8 3:9 4:2], matchIndex := map[1:7 2:7 3:8 4:-1]
20:42:35.226742 AT NODE 2: Received AppendEntries from NODE 0; args: {Term:2 LeaderId:0 PrevLogIndex:7 PrevLogTerm:2 Entries:[{Command:Set Z = 3 Term:2}] LeaderCommit:7 Latency:178}
20:42:35.226742 AT NODE 2: Log is now: [{Set X = 5 1} {Set X = 1000 1} {Set X = X+10 2} {Set X = X+1 2} {Set Y = 5 2} {Set Y = X+Y 2} {Set Y = Y+3 2} {Set Z = -1 2} {Set Z = 3 2}]
20:42:35.226742 AT NODE 2: Sending AppendEntries reply: {Term:2 Success:true}
20:42:35.227330 AT NODE 1: Received AppendEntries from NODE 0; args: {Term:2 LeaderId:0 PrevLogIndex:7 PrevLogTerm:2 Entries:[{Command:Set Z = 3 Term:2}] LeaderCommit:7 Latency:180}
20:42:35.227330 AT NODE 0: AppendEntries reply from NODE 2 success: nextIndex := map[1:8 2:9 3:9 4:2], matchIndex := map[1:7 2:8 3:8 4:-1]
20:42:35.227330 AT NODE 1: Log is now: [{Set X = 5 1} {Set X = 1000 1} {Set X = X+10 2} {Set X = X+1 2} {Set Y = 5 2} {Set Y = X+Y 2} {Set Y = Y+3 2} {Set Z = -1 2} {Set Z = 3 2}]
20:42:35.227330 AT NODE 0: leader sets commitIndex := 8
20:42:35.227330 AT NODE 1: Sending AppendEntries reply: {Term:2 Success:true}
20:42:35.228627 AT NODE 0: AppendEntries reply from NODE 1 success: nextIndex := map[1:9 2:9 3:9 4:2], matchIndex := map[1:8 2:8 3:8 4:-1]
20:42:36.017440 AT NODE 0: sending AppendEntries to 4: currentPeer_nextIndex=2, args={Term:2 LeaderId:0 PrevLogIndex:1 PrevLogTerm:1 Entries:[{Command:Set X = X+10 Term:2} {Command:Set X = X+1 Term:2} {Command:Set Y = 5 Term:2} {Command:Set Y = X+Y Term:2} {Command:Set Y = Y+3 Term:2} {Command:Set Z = -1 Term:2} {Command:Set Z = 3 Term:2}] LeaderCommit:8 Latency:444}
20:42:37.023259 AT NODE 0: sending AppendEntries to 4: currentPeer_nextIndex=2, args={Term:2 LeaderId:0 PrevLogIndex:1 PrevLogTerm:1 Entries:[{Command:Set X = X+10 Term:2} {Command:Set X = X+1 Term:2} {Command:Set Y = 5 Term:2} {Command:Set Y = X+Y Term:2} {Command:Set Y = Y+3 Term:2} {Command:Set Z = -1 Term:2} {Command:Set Z = 3 Term:2}] LeaderCommit:8 Latency:475}
20:42:37.069777 [ACTION] Reconnecting 4
20:42:38.023243 AT NODE 4: sending AppendEntries to 3: currentPeer_nextIndex=2, args={Term:1 LeaderId:4 PrevLogIndex:1 PrevLogTerm:1 Entries:[{Command:Set X = X-5 Term:1}] LeaderCommit:1 Latency:456}
20:42:38.023243 AT NODE 0: sending AppendEntries to 4: currentPeer_nextIndex=2, args={Term:2 LeaderId:0 PrevLogIndex:1 PrevLogTerm:1 Entries:[{Command:Set X = X+10 Term:2} {Command:Set X = X+1 Term:2} {Command:Set Y = 5 Term:2} {Command:Set Y = X+Y Term:2} {Command:Set Y = Y+3 Term:2} {Command:Set Z = -1 Term:2} {Command:Set Z = 3 Term:2}] LeaderCommit:8 Latency:102}
20:42:38.023243 AT NODE 4: sending AppendEntries to 0: currentPeer_nextIndex=2, args={Term:1 LeaderId:4 PrevLogIndex:1 PrevLogTerm:1 Entries:[{Command:Set X = X-5 Term:1}] LeaderCommit:1 Latency:380}
20:42:38.023243 AT NODE 4: sending AppendEntries to 1: currentPeer_nextIndex=2, args={Term:1 LeaderId:4 PrevLogIndex:1 PrevLogTerm:1 Entries:[{Command:Set X = X-5 Term:1}] LeaderCommit:1 Latency:378}
20:42:38.026959 AT NODE 4: sending AppendEntries to 2: currentPeer_nextIndex=2, args={Term:1 LeaderId:4 PrevLogIndex:1 PrevLogTerm:1 Entries:[{Command:Set X = X-5 Term:1}] LeaderCommit:1 Latency:436}
20:42:38.158227 AT NODE 4: Received AppendEntries from NODE 0; args: {Term:2 LeaderId:0 PrevLogIndex:1 PrevLogTerm:1 Entries:[{Command:Set X = X+10 Term:2} {Command:Set X = X+1 Term:2} {Command:Set Y = 5 Term:2} {Command:Set Y = X+Y Term:2} {Command:Set Y = Y+3 Term:2} {Command:Set Z = -1 Term:2} {Command:Set Z = 3 Term:2}] LeaderCommit:8 Latency:102}
20:42:38.158227 AT NODE 4: became Follower with term=2; log=[{Set X = 5 1} {Set X = 1000 1} {Set X = X-5 1}]
20:42:38.158227 AT NODE 4: Log is now: [{Set X = 5 1} {Set X = 1000 1} {Set X = X+10 2} {Set X = X+1 2} {Set Y = 5 2} {Set Y = X+Y 2} {Set Y = Y+3 2} {Set Z = -1 2} {Set Z = 3 2}]
20:42:38.158227 AT NODE 4: Sending AppendEntries reply: {Term:2 Success:true}
20:42:38.158227 AT NODE 4: Election timer started: 5.463s, with term=2
20:42:38.161490 AT NODE 0: AppendEntries reply from NODE 4 success: nextIndex := map[1:9 2:9 3:9 4:9], matchIndex := map[1:8 2:8 3:8 4:8]
20:42:38.434975 AT NODE 1: Received AppendEntries from NODE 4; args: {Term:1 LeaderId:4 PrevLogIndex:1 PrevLogTerm:1 Entries:[{Command:Set X = X-5 Term:1}] LeaderCommit:1 Latency:378}
20:42:38.434975 AT NODE 1: Sending AppendEntries reply: {Term:2 Success:false}
20:42:38.436398 AT NODE 0: Received AppendEntries from NODE 4; args: {Term:1 LeaderId:4 PrevLogIndex:1 PrevLogTerm:1 Entries:[{Command:Set X = X-5 Term:1}] LeaderCommit:1 Latency:380}
20:42:38.436398 AT NODE 0: Sending AppendEntries reply: {Term:2 Success:false}
20:42:38.497431 AT NODE 2: Received AppendEntries from NODE 4; args: {Term:1 LeaderId:4 PrevLogIndex:1 PrevLogTerm:1 Entries:[{Command:Set X = X-5 Term:1}] LeaderCommit:1 Latency:436}
20:42:38.497431 AT NODE 2: Sending AppendEntries reply: {Term:2 Success:false}
20:42:38.512986 AT NODE 3: Received AppendEntries from NODE 4; args: {Term:1 LeaderId:4 PrevLogIndex:1 PrevLogTerm:1 Entries:[{Command:Set X = X-5 Term:1}] LeaderCommit:1 Latency:456}
20:42:38.512986 AT NODE 3: Sending AppendEntries reply: {Term:2 Success:false}
20:42:40.104072 AT NODE 0: KILLED
20:42:40.104590 AT NODE 0: applyCommitedLogEntries done
20:42:40.104590 AT NODE 1: KILLED
20:42:40.105325 AT NODE 1: applyCommitedLogEntries done
20:42:40.319004 AT NODE 2: KILLED
20:42:40.319004 AT NODE 2: applyCommitedLogEntries done
20:42:40.319004 AT NODE 3: KILLED
20:42:40.319004 AT NODE 3: applyCommitedLogEntries done
20:42:40.320871 AT NODE 4: KILLED
20:42:40.320871 AT NODE 4: applyCommitedLogEntries done
--- PASS: Test2 (20.03s)
PASS
ok  	RaftLogReplication	23.402s
